Determining if the function connect exists in the socket; failed with the following output:
Change Dir: /home/ubuntu/ProjectMetier/third_party/curl-8.1.2/CMakeFiles/CMakeTmp

Run Build Command(s):/usr/bin/gmake -f Makefile cmTC_f50d9/fast && /usr/bin/gmake  -f CMakeFiles/cmTC_f50d9.dir/build.make CMakeFiles/cmTC_f50d9.dir/build
gmake[1]: Entering directory '/home/ubuntu/ProjectMetier/third_party/curl-8.1.2/CMakeFiles/CMakeTmp'
Building C object CMakeFiles/cmTC_f50d9.dir/CheckFunctionExists.c.o
/usr/bin/cc   -W -Wall -pedantic -Wbad-function-cast -Wconversion -Winline -Wmissing-declarations -Wmissing-prototypes -Wnested-externs -Wno-long-long -Wno-multichar -Wpointer-arith -Wshadow -Wsign-compare -Wundef -Wunused -Wwrite-strings -Wcast-align -Wdeclaration-after-statement -Wempty-body -Wendif-labels -Wfloat-equal -Wignored-qualifiers -Wno-format-nonliteral -Wno-sign-conversion -Wno-system-headers -Wstrict-prototypes -Wtype-limits -Wvla -Wmissing-parameter-type -Wold-style-declaration -Wstrict-aliasing=3 -Wformat=2 -Warray-bounds=2 -ftree-vrp -Wduplicated-cond -Wnull-dereference -fdelete-null-pointer-checks -Wshift-negative-value -Wshift-overflow=2 -Walloc-zero -Wduplicated-branches -Wformat-overflow=2 -Wformat-truncation=1 -Wrestrict -Warith-conversion -Wdouble-promotion -Wenum-conversion -Wunused-const-variable -DCHECK_FUNCTION_EXISTS=connect -o CMakeFiles/cmTC_f50d9.dir/CheckFunctionExists.c.o -c /usr/share/cmake-3.22/Modules/CheckFunctionExists.c
Linking C executable cmTC_f50d9
/usr/bin/cmake -E cmake_link_script CMakeFiles/cmTC_f50d9.dir/link.txt --verbose=1
/usr/bin/cc   -W -Wall -pedantic -Wbad-function-cast -Wconversion -Winline -Wmissing-declarations -Wmissing-prototypes -Wnested-externs -Wno-long-long -Wno-multichar -Wpointer-arith -Wshadow -Wsign-compare -Wundef -Wunused -Wwrite-strings -Wcast-align -Wdeclaration-after-statement -Wempty-body -Wendif-labels -Wfloat-equal -Wignored-qualifiers -Wno-format-nonliteral -Wno-sign-conversion -Wno-system-headers -Wstrict-prototypes -Wtype-limits -Wvla -Wmissing-parameter-type -Wold-style-declaration -Wstrict-aliasing=3 -Wformat=2 -Warray-bounds=2 -ftree-vrp -Wduplicated-cond -Wnull-dereference -fdelete-null-pointer-checks -Wshift-negative-value -Wshift-overflow=2 -Walloc-zero -Wduplicated-branches -Wformat-overflow=2 -Wformat-truncation=1 -Wrestrict -Warith-conversion -Wdouble-promotion -Wenum-conversion -Wunused-const-variable -DCHECK_FUNCTION_EXISTS=connect CMakeFiles/cmTC_f50d9.dir/CheckFunctionExists.c.o -o cmTC_f50d9  -lsocket 
/usr/bin/ld: cannot find -lsocket: No such file or directory
collect2: error: ld returned 1 exit status
gmake[1]: *** [CMakeFiles/cmTC_f50d9.dir/build.make:99: cmTC_f50d9] Error 1
gmake[1]: Leaving directory '/home/ubuntu/ProjectMetier/third_party/curl-8.1.2/CMakeFiles/CMakeTmp'
gmake: *** [Makefile:127: cmTC_f50d9/fast] Error 2



Determining if the RAND_egd exist failed with the following output:
Change Dir: /home/ubuntu/ProjectMetier/third_party/curl-8.1.2/CMakeFiles/CMakeTmp

Run Build Command(s):/usr/bin/gmake -f Makefile cmTC_82973/fast && /usr/bin/gmake  -f CMakeFiles/cmTC_82973.dir/build.make CMakeFiles/cmTC_82973.dir/build
gmake[1]: Entering directory '/home/ubuntu/ProjectMetier/third_party/curl-8.1.2/CMakeFiles/CMakeTmp'
Building C object CMakeFiles/cmTC_82973.dir/CheckSymbolExists.c.o
/usr/bin/cc   -W -Wall -pedantic -Wbad-function-cast -Wconversion -Winline -Wmissing-declarations -Wmissing-prototypes -Wnested-externs -Wno-long-long -Wno-multichar -Wpointer-arith -Wshadow -Wsign-compare -Wundef -Wunused -Wwrite-strings -Wcast-align -Wdeclaration-after-statement -Wempty-body -Wendif-labels -Wfloat-equal -Wignored-qualifiers -Wno-format-nonliteral -Wno-sign-conversion -Wno-system-headers -Wstrict-prototypes -Wtype-limits -Wvla -Wmissing-parameter-type -Wold-style-declaration -Wstrict-aliasing=3 -Wformat=2 -Warray-bounds=2 -ftree-vrp -Wduplicated-cond -Wnull-dereference -fdelete-null-pointer-checks -Wshift-negative-value -Wshift-overflow=2 -Walloc-zero -Wduplicated-branches -Wformat-overflow=2 -Wformat-truncation=1 -Wrestrict -Warith-conversion -Wdouble-promotion -Wenum-conversion -Wunused-const-variable  -o CMakeFiles/cmTC_82973.dir/CheckSymbolExists.c.o -c /home/ubuntu/ProjectMetier/third_party/curl-8.1.2/CMakeFiles/CMakeTmp/CheckSymbolExists.c
/home/ubuntu/ProjectMetier/third_party/curl-8.1.2/CMakeFiles/CMakeTmp/CheckSymbolExists.c: In function ‘main’:
/home/ubuntu/ProjectMetier/third_party/curl-8.1.2/CMakeFiles/CMakeTmp/CheckSymbolExists.c:7:19: error: ‘RAND_egd’ undeclared (first use in this function)
    7 |   return ((int*)(&RAND_egd))[argc];
      |                   ^~~~~~~~
/home/ubuntu/ProjectMetier/third_party/curl-8.1.2/CMakeFiles/CMakeTmp/CheckSymbolExists.c:7:19: note: each undeclared identifier is reported only once for each function it appears in
/home/ubuntu/ProjectMetier/third_party/curl-8.1.2/CMakeFiles/CMakeTmp/CheckSymbolExists.c:3:14: warning: parameter ‘argc’ set but not used [-Wunused-but-set-parameter]
    3 | int main(int argc, char** argv)
      |          ~~~~^~~~
gmake[1]: *** [CMakeFiles/cmTC_82973.dir/build.make:78: CMakeFiles/cmTC_82973.dir/CheckSymbolExists.c.o] Error 1
gmake[1]: Leaving directory '/home/ubuntu/ProjectMetier/third_party/curl-8.1.2/CMakeFiles/CMakeTmp'
gmake: *** [Makefile:127: cmTC_82973/fast] Error 2


File /home/ubuntu/ProjectMetier/third_party/curl-8.1.2/CMakeFiles/CMakeTmp/CheckSymbolExists.c:
/* */

int main(int argc, char** argv)
{
  (void)argv;
#ifndef RAND_egd
  return ((int*)(&RAND_egd))[argc];
#else
  (void)argc;
  return 0;
#endif
}
Determining if the OPENSSL_IS_BORINGSSL exist failed with the following output:
Change Dir: /home/ubuntu/ProjectMetier/third_party/curl-8.1.2/CMakeFiles/CMakeTmp

Run Build Command(s):/usr/bin/gmake -f Makefile cmTC_2f2da/fast && /usr/bin/gmake  -f CMakeFiles/cmTC_2f2da.dir/build.make CMakeFiles/cmTC_2f2da.dir/build
gmake[1]: Entering directory '/home/ubuntu/ProjectMetier/third_party/curl-8.1.2/CMakeFiles/CMakeTmp'
Building C object CMakeFiles/cmTC_2f2da.dir/CheckSymbolExists.c.o
/usr/bin/cc   -W -Wall -pedantic -Wbad-function-cast -Wconversion -Winline -Wmissing-declarations -Wmissing-prototypes -Wnested-externs -Wno-long-long -Wno-multichar -Wpointer-arith -Wshadow -Wsign-compare -Wundef -Wunused -Wwrite-strings -Wcast-align -Wdeclaration-after-statement -Wempty-body -Wendif-labels -Wfloat-equal -Wignored-qualifiers -Wno-format-nonliteral -Wno-sign-conversion -Wno-system-headers -Wstrict-prototypes -Wtype-limits -Wvla -Wmissing-parameter-type -Wold-style-declaration -Wstrict-aliasing=3 -Wformat=2 -Warray-bounds=2 -ftree-vrp -Wduplicated-cond -Wnull-dereference -fdelete-null-pointer-checks -Wshift-negative-value -Wshift-overflow=2 -Walloc-zero -Wduplicated-branches -Wformat-overflow=2 -Wformat-truncation=1 -Wrestrict -Warith-conversion -Wdouble-promotion -Wenum-conversion -Wunused-const-variable  -o CMakeFiles/cmTC_2f2da.dir/CheckSymbolExists.c.o -c /home/ubuntu/ProjectMetier/third_party/curl-8.1.2/CMakeFiles/CMakeTmp/CheckSymbolExists.c
/home/ubuntu/ProjectMetier/third_party/curl-8.1.2/CMakeFiles/CMakeTmp/CheckSymbolExists.c:2:10: fatal error: openssl/base.h: No such file or directory
    2 | #include <openssl/base.h>
      |          ^~~~~~~~~~~~~~~~
compilation terminated.
gmake[1]: *** [CMakeFiles/cmTC_2f2da.dir/build.make:78: CMakeFiles/cmTC_2f2da.dir/CheckSymbolExists.c.o] Error 1
gmake[1]: Leaving directory '/home/ubuntu/ProjectMetier/third_party/curl-8.1.2/CMakeFiles/CMakeTmp'
gmake: *** [Makefile:127: cmTC_2f2da/fast] Error 2


File /home/ubuntu/ProjectMetier/third_party/curl-8.1.2/CMakeFiles/CMakeTmp/CheckSymbolExists.c:
/* */
#include <openssl/base.h>

int main(int argc, char** argv)
{
  (void)argv;
#ifndef OPENSSL_IS_BORINGSSL
  return ((int*)(&OPENSSL_IS_BORINGSSL))[argc];
#else
  (void)argc;
  return 0;
#endif
}
Determining if the OPENSSL_IS_AWSLC exist failed with the following output:
Change Dir: /home/ubuntu/ProjectMetier/third_party/curl-8.1.2/CMakeFiles/CMakeTmp

Run Build Command(s):/usr/bin/gmake -f Makefile cmTC_cc2bd/fast && /usr/bin/gmake  -f CMakeFiles/cmTC_cc2bd.dir/build.make CMakeFiles/cmTC_cc2bd.dir/build
gmake[1]: Entering directory '/home/ubuntu/ProjectMetier/third_party/curl-8.1.2/CMakeFiles/CMakeTmp'
Building C object CMakeFiles/cmTC_cc2bd.dir/CheckSymbolExists.c.o
/usr/bin/cc   -W -Wall -pedantic -Wbad-function-cast -Wconversion -Winline -Wmissing-declarations -Wmissing-prototypes -Wnested-externs -Wno-long-long -Wno-multichar -Wpointer-arith -Wshadow -Wsign-compare -Wundef -Wunused -Wwrite-strings -Wcast-align -Wdeclaration-after-statement -Wempty-body -Wendif-labels -Wfloat-equal -Wignored-qualifiers -Wno-format-nonliteral -Wno-sign-conversion -Wno-system-headers -Wstrict-prototypes -Wtype-limits -Wvla -Wmissing-parameter-type -Wold-style-declaration -Wstrict-aliasing=3 -Wformat=2 -Warray-bounds=2 -ftree-vrp -Wduplicated-cond -Wnull-dereference -fdelete-null-pointer-checks -Wshift-negative-value -Wshift-overflow=2 -Walloc-zero -Wduplicated-branches -Wformat-overflow=2 -Wformat-truncation=1 -Wrestrict -Warith-conversion -Wdouble-promotion -Wenum-conversion -Wunused-const-variable  -o CMakeFiles/cmTC_cc2bd.dir/CheckSymbolExists.c.o -c /home/ubuntu/ProjectMetier/third_party/curl-8.1.2/CMakeFiles/CMakeTmp/CheckSymbolExists.c
/home/ubuntu/ProjectMetier/third_party/curl-8.1.2/CMakeFiles/CMakeTmp/CheckSymbolExists.c:2:10: fatal error: openssl/base.h: No such file or directory
    2 | #include <openssl/base.h>
      |          ^~~~~~~~~~~~~~~~
compilation terminated.
gmake[1]: *** [CMakeFiles/cmTC_cc2bd.dir/build.make:78: CMakeFiles/cmTC_cc2bd.dir/CheckSymbolExists.c.o] Error 1
gmake[1]: Leaving directory '/home/ubuntu/ProjectMetier/third_party/curl-8.1.2/CMakeFiles/CMakeTmp'
gmake: *** [Makefile:127: cmTC_cc2bd/fast] Error 2


File /home/ubuntu/ProjectMetier/third_party/curl-8.1.2/CMakeFiles/CMakeTmp/CheckSymbolExists.c:
/* */
#include <openssl/base.h>

int main(int argc, char** argv)
{
  (void)argv;
#ifndef OPENSSL_IS_AWSLC
  return ((int*)(&OPENSSL_IS_AWSLC))[argc];
#else
  (void)argc;
  return 0;
#endif
}
Determining if the function ldap_init exists in the ldap;OpenSSL::SSL;OpenSSL::Crypto;ZLIB::ZLIB failed with the following output:
Change Dir: /home/ubuntu/ProjectMetier/third_party/curl-8.1.2/CMakeFiles/CMakeTmp

Run Build Command(s):/usr/bin/gmake -f Makefile cmTC_2fe2c/fast && /usr/bin/gmake  -f CMakeFiles/cmTC_2fe2c.dir/build.make CMakeFiles/cmTC_2fe2c.dir/build
gmake[1]: Entering directory '/home/ubuntu/ProjectMetier/third_party/curl-8.1.2/CMakeFiles/CMakeTmp'
Building C object CMakeFiles/cmTC_2fe2c.dir/CheckFunctionExists.c.o
/usr/bin/cc   -W -Wall -pedantic -Wbad-function-cast -Wconversion -Winline -Wmissing-declarations -Wmissing-prototypes -Wnested-externs -Wno-long-long -Wno-multichar -Wpointer-arith -Wshadow -Wsign-compare -Wundef -Wunused -Wwrite-strings -Wcast-align -Wdeclaration-after-statement -Wempty-body -Wendif-labels -Wfloat-equal -Wignored-qualifiers -Wno-format-nonliteral -Wno-sign-conversion -Wno-system-headers -Wstrict-prototypes -Wtype-limits -Wvla -Wmissing-parameter-type -Wold-style-declaration -Wstrict-aliasing=3 -Wformat=2 -Warray-bounds=2 -ftree-vrp -Wduplicated-cond -Wnull-dereference -fdelete-null-pointer-checks -Wshift-negative-value -Wshift-overflow=2 -Walloc-zero -Wduplicated-branches -Wformat-overflow=2 -Wformat-truncation=1 -Wrestrict -Warith-conversion -Wdouble-promotion -Wenum-conversion -Wunused-const-variable -DCHECK_FUNCTION_EXISTS=ldap_init -o CMakeFiles/cmTC_2fe2c.dir/CheckFunctionExists.c.o -c /usr/share/cmake-3.22/Modules/CheckFunctionExists.c
Linking C executable cmTC_2fe2c
/usr/bin/cmake -E cmake_link_script CMakeFiles/cmTC_2fe2c.dir/link.txt --verbose=1
/usr/bin/cc   -W -Wall -pedantic -Wbad-function-cast -Wconversion -Winline -Wmissing-declarations -Wmissing-prototypes -Wnested-externs -Wno-long-long -Wno-multichar -Wpointer-arith -Wshadow -Wsign-compare -Wundef -Wunused -Wwrite-strings -Wcast-align -Wdeclaration-after-statement -Wempty-body -Wendif-labels -Wfloat-equal -Wignored-qualifiers -Wno-format-nonliteral -Wno-sign-conversion -Wno-system-headers -Wstrict-prototypes -Wtype-limits -Wvla -Wmissing-parameter-type -Wold-style-declaration -Wstrict-aliasing=3 -Wformat=2 -Warray-bounds=2 -ftree-vrp -Wduplicated-cond -Wnull-dereference -fdelete-null-pointer-checks -Wshift-negative-value -Wshift-overflow=2 -Walloc-zero -Wduplicated-branches -Wformat-overflow=2 -Wformat-truncation=1 -Wrestrict -Warith-conversion -Wdouble-promotion -Wenum-conversion -Wunused-const-variable -DCHECK_FUNCTION_EXISTS=ldap_init CMakeFiles/cmTC_2fe2c.dir/CheckFunctionExists.c.o -o cmTC_2fe2c  -lldap /usr/lib/x86_64-linux-gnu/libssl.so /usr/lib/x86_64-linux-gnu/libcrypto.so /usr/lib/x86_64-linux-gnu/libz.so /usr/lib/x86_64-linux-gnu/libssl.so /usr/lib/x86_64-linux-gnu/libcrypto.so 
/usr/bin/ld: cannot find -lldap: No such file or directory
collect2: error: ld returned 1 exit status
gmake[1]: *** [CMakeFiles/cmTC_2fe2c.dir/build.make:104: cmTC_2fe2c] Error 1
gmake[1]: Leaving directory '/home/ubuntu/ProjectMetier/third_party/curl-8.1.2/CMakeFiles/CMakeTmp'
gmake: *** [Makefile:127: cmTC_2fe2c/fast] Error 2



Determining if the function ber_init exists in the lber;OpenSSL::SSL;OpenSSL::Crypto;ZLIB::ZLIB failed with the following output:
Change Dir: /home/ubuntu/ProjectMetier/third_party/curl-8.1.2/CMakeFiles/CMakeTmp

Run Build Command(s):/usr/bin/gmake -f Makefile cmTC_4e081/fast && /usr/bin/gmake  -f CMakeFiles/cmTC_4e081.dir/build.make CMakeFiles/cmTC_4e081.dir/build
gmake[1]: Entering directory '/home/ubuntu/ProjectMetier/third_party/curl-8.1.2/CMakeFiles/CMakeTmp'
Building C object CMakeFiles/cmTC_4e081.dir/CheckFunctionExists.c.o
/usr/bin/cc   -W -Wall -pedantic -Wbad-function-cast -Wconversion -Winline -Wmissing-declarations -Wmissing-prototypes -Wnested-externs -Wno-long-long -Wno-multichar -Wpointer-arith -Wshadow -Wsign-compare -Wundef -Wunused -Wwrite-strings -Wcast-align -Wdeclaration-after-statement -Wempty-body -Wendif-labels -Wfloat-equal -Wignored-qualifiers -Wno-format-nonliteral -Wno-sign-conversion -Wno-system-headers -Wstrict-prototypes -Wtype-limits -Wvla -Wmissing-parameter-type -Wold-style-declaration -Wstrict-aliasing=3 -Wformat=2 -Warray-bounds=2 -ftree-vrp -Wduplicated-cond -Wnull-dereference -fdelete-null-pointer-checks -Wshift-negative-value -Wshift-overflow=2 -Walloc-zero -Wduplicated-branches -Wformat-overflow=2 -Wformat-truncation=1 -Wrestrict -Warith-conversion -Wdouble-promotion -Wenum-conversion -Wunused-const-variable -DCHECK_FUNCTION_EXISTS=ber_init -o CMakeFiles/cmTC_4e081.dir/CheckFunctionExists.c.o -c /usr/share/cmake-3.22/Modules/CheckFunctionExists.c
Linking C executable cmTC_4e081
/usr/bin/cmake -E cmake_link_script CMakeFiles/cmTC_4e081.dir/link.txt --verbose=1
/usr/bin/cc   -W -Wall -pedantic -Wbad-function-cast -Wconversion -Winline -Wmissing-declarations -Wmissing-prototypes -Wnested-externs -Wno-long-long -Wno-multichar -Wpointer-arith -Wshadow -Wsign-compare -Wundef -Wunused -Wwrite-strings -Wcast-align -Wdeclaration-after-statement -Wempty-body -Wendif-labels -Wfloat-equal -Wignored-qualifiers -Wno-format-nonliteral -Wno-sign-conversion -Wno-system-headers -Wstrict-prototypes -Wtype-limits -Wvla -Wmissing-parameter-type -Wold-style-declaration -Wstrict-aliasing=3 -Wformat=2 -Warray-bounds=2 -ftree-vrp -Wduplicated-cond -Wnull-dereference -fdelete-null-pointer-checks -Wshift-negative-value -Wshift-overflow=2 -Walloc-zero -Wduplicated-branches -Wformat-overflow=2 -Wformat-truncation=1 -Wrestrict -Warith-conversion -Wdouble-promotion -Wenum-conversion -Wunused-const-variable -DCHECK_FUNCTION_EXISTS=ber_init CMakeFiles/cmTC_4e081.dir/CheckFunctionExists.c.o -o cmTC_4e081  -llber /usr/lib/x86_64-linux-gnu/libssl.so /usr/lib/x86_64-linux-gnu/libcrypto.so /usr/lib/x86_64-linux-gnu/libz.so /usr/lib/x86_64-linux-gnu/libssl.so /usr/lib/x86_64-linux-gnu/libcrypto.so 
/usr/bin/ld: cannot find -llber: No such file or directory
collect2: error: ld returned 1 exit status
gmake[1]: *** [CMakeFiles/cmTC_4e081.dir/build.make:104: cmTC_4e081] Error 1
gmake[1]: Leaving directory '/home/ubuntu/ProjectMetier/third_party/curl-8.1.2/CMakeFiles/CMakeTmp'
gmake: *** [Makefile:127: cmTC_4e081/fast] Error 2



Determining if files ;ldap.h exist failed with the following output:
Change Dir: /home/ubuntu/ProjectMetier/third_party/curl-8.1.2/CMakeFiles/CMakeTmp

Run Build Command(s):/usr/bin/gmake -f Makefile cmTC_14274/fast && /usr/bin/gmake  -f CMakeFiles/cmTC_14274.dir/build.make CMakeFiles/cmTC_14274.dir/build
gmake[1]: Entering directory '/home/ubuntu/ProjectMetier/third_party/curl-8.1.2/CMakeFiles/CMakeTmp'
Building C object CMakeFiles/cmTC_14274.dir/HAVE_LDAP_H.c.o
/usr/bin/cc   -W -Wall -pedantic -Wbad-function-cast -Wconversion -Winline -Wmissing-declarations -Wmissing-prototypes -Wnested-externs -Wno-long-long -Wno-multichar -Wpointer-arith -Wshadow -Wsign-compare -Wundef -Wunused -Wwrite-strings -Wcast-align -Wdeclaration-after-statement -Wempty-body -Wendif-labels -Wfloat-equal -Wignored-qualifiers -Wno-format-nonliteral -Wno-sign-conversion -Wno-system-headers -Wstrict-prototypes -Wtype-limits -Wvla -Wmissing-parameter-type -Wold-style-declaration -Wstrict-aliasing=3 -Wformat=2 -Warray-bounds=2 -ftree-vrp -Wduplicated-cond -Wnull-dereference -fdelete-null-pointer-checks -Wshift-negative-value -Wshift-overflow=2 -Walloc-zero -Wduplicated-branches -Wformat-overflow=2 -Wformat-truncation=1 -Wrestrict -Warith-conversion -Wdouble-promotion -Wenum-conversion -Wunused-const-variable  -o CMakeFiles/cmTC_14274.dir/HAVE_LDAP_H.c.o -c /home/ubuntu/ProjectMetier/third_party/curl-8.1.2/CMakeFiles/CheckIncludeFiles/HAVE_LDAP_H.c
/home/ubuntu/ProjectMetier/third_party/curl-8.1.2/CMakeFiles/CheckIncludeFiles/HAVE_LDAP_H.c:2:10: fatal error: ldap.h: No such file or directory
    2 | #include <ldap.h>
      |          ^~~~~~~~
compilation terminated.
gmake[1]: *** [CMakeFiles/cmTC_14274.dir/build.make:78: CMakeFiles/cmTC_14274.dir/HAVE_LDAP_H.c.o] Error 1
gmake[1]: Leaving directory '/home/ubuntu/ProjectMetier/third_party/curl-8.1.2/CMakeFiles/CMakeTmp'
gmake: *** [Makefile:127: cmTC_14274/fast] Error 2


Source:
/* */
#include <ldap.h>


int main(void){return 0;}

Determining if files ;lber.h exist failed with the following output:
Change Dir: /home/ubuntu/ProjectMetier/third_party/curl-8.1.2/CMakeFiles/CMakeTmp

Run Build Command(s):/usr/bin/gmake -f Makefile cmTC_95105/fast && /usr/bin/gmake  -f CMakeFiles/cmTC_95105.dir/build.make CMakeFiles/cmTC_95105.dir/build
gmake[1]: Entering directory '/home/ubuntu/ProjectMetier/third_party/curl-8.1.2/CMakeFiles/CMakeTmp'
Building C object CMakeFiles/cmTC_95105.dir/HAVE_LBER_H.c.o
/usr/bin/cc   -W -Wall -pedantic -Wbad-function-cast -Wconversion -Winline -Wmissing-declarations -Wmissing-prototypes -Wnested-externs -Wno-long-long -Wno-multichar -Wpointer-arith -Wshadow -Wsign-compare -Wundef -Wunused -Wwrite-strings -Wcast-align -Wdeclaration-after-statement -Wempty-body -Wendif-labels -Wfloat-equal -Wignored-qualifiers -Wno-format-nonliteral -Wno-sign-conversion -Wno-system-headers -Wstrict-prototypes -Wtype-limits -Wvla -Wmissing-parameter-type -Wold-style-declaration -Wstrict-aliasing=3 -Wformat=2 -Warray-bounds=2 -ftree-vrp -Wduplicated-cond -Wnull-dereference -fdelete-null-pointer-checks -Wshift-negative-value -Wshift-overflow=2 -Walloc-zero -Wduplicated-branches -Wformat-overflow=2 -Wformat-truncation=1 -Wrestrict -Warith-conversion -Wdouble-promotion -Wenum-conversion -Wunused-const-variable  -o CMakeFiles/cmTC_95105.dir/HAVE_LBER_H.c.o -c /home/ubuntu/ProjectMetier/third_party/curl-8.1.2/CMakeFiles/CheckIncludeFiles/HAVE_LBER_H.c
/home/ubuntu/ProjectMetier/third_party/curl-8.1.2/CMakeFiles/CheckIncludeFiles/HAVE_LBER_H.c:2:10: fatal error: lber.h: No such file or directory
    2 | #include <lber.h>
      |          ^~~~~~~~
compilation terminated.
gmake[1]: *** [CMakeFiles/cmTC_95105.dir/build.make:78: CMakeFiles/cmTC_95105.dir/HAVE_LBER_H.c.o] Error 1
gmake[1]: Leaving directory '/home/ubuntu/ProjectMetier/third_party/curl-8.1.2/CMakeFiles/CMakeTmp'
gmake: *** [Makefile:127: cmTC_95105/fast] Error 2


Source:
/* */
#include <lber.h>


int main(void){return 0;}

Determining if the function idn2_lookup_ul exists in the idn2;OpenSSL::SSL;OpenSSL::Crypto;ZLIB::ZLIB failed with the following output:
Change Dir: /home/ubuntu/ProjectMetier/third_party/curl-8.1.2/CMakeFiles/CMakeTmp

Run Build Command(s):/usr/bin/gmake -f Makefile cmTC_d511b/fast && /usr/bin/gmake  -f CMakeFiles/cmTC_d511b.dir/build.make CMakeFiles/cmTC_d511b.dir/build
gmake[1]: Entering directory '/home/ubuntu/ProjectMetier/third_party/curl-8.1.2/CMakeFiles/CMakeTmp'
Building C object CMakeFiles/cmTC_d511b.dir/CheckFunctionExists.c.o
/usr/bin/cc   -W -Wall -pedantic -Wbad-function-cast -Wconversion -Winline -Wmissing-declarations -Wmissing-prototypes -Wnested-externs -Wno-long-long -Wno-multichar -Wpointer-arith -Wshadow -Wsign-compare -Wundef -Wunused -Wwrite-strings -Wcast-align -Wdeclaration-after-statement -Wempty-body -Wendif-labels -Wfloat-equal -Wignored-qualifiers -Wno-format-nonliteral -Wno-sign-conversion -Wno-system-headers -Wstrict-prototypes -Wtype-limits -Wvla -Wmissing-parameter-type -Wold-style-declaration -Wstrict-aliasing=3 -Wformat=2 -Warray-bounds=2 -ftree-vrp -Wduplicated-cond -Wnull-dereference -fdelete-null-pointer-checks -Wshift-negative-value -Wshift-overflow=2 -Walloc-zero -Wduplicated-branches -Wformat-overflow=2 -Wformat-truncation=1 -Wrestrict -Warith-conversion -Wdouble-promotion -Wenum-conversion -Wunused-const-variable -DCHECK_FUNCTION_EXISTS=idn2_lookup_ul -o CMakeFiles/cmTC_d511b.dir/CheckFunctionExists.c.o -c /usr/share/cmake-3.22/Modules/CheckFunctionExists.c
Linking C executable cmTC_d511b
/usr/bin/cmake -E cmake_link_script CMakeFiles/cmTC_d511b.dir/link.txt --verbose=1
/usr/bin/cc   -W -Wall -pedantic -Wbad-function-cast -Wconversion -Winline -Wmissing-declarations -Wmissing-prototypes -Wnested-externs -Wno-long-long -Wno-multichar -Wpointer-arith -Wshadow -Wsign-compare -Wundef -Wunused -Wwrite-strings -Wcast-align -Wdeclaration-after-statement -Wempty-body -Wendif-labels -Wfloat-equal -Wignored-qualifiers -Wno-format-nonliteral -Wno-sign-conversion -Wno-system-headers -Wstrict-prototypes -Wtype-limits -Wvla -Wmissing-parameter-type -Wold-style-declaration -Wstrict-aliasing=3 -Wformat=2 -Warray-bounds=2 -ftree-vrp -Wduplicated-cond -Wnull-dereference -fdelete-null-pointer-checks -Wshift-negative-value -Wshift-overflow=2 -Walloc-zero -Wduplicated-branches -Wformat-overflow=2 -Wformat-truncation=1 -Wrestrict -Warith-conversion -Wdouble-promotion -Wenum-conversion -Wunused-const-variable -DCHECK_FUNCTION_EXISTS=idn2_lookup_ul CMakeFiles/cmTC_d511b.dir/CheckFunctionExists.c.o -o cmTC_d511b  -lidn2 /usr/lib/x86_64-linux-gnu/libssl.so /usr/lib/x86_64-linux-gnu/libcrypto.so /usr/lib/x86_64-linux-gnu/libz.so /usr/lib/x86_64-linux-gnu/libssl.so /usr/lib/x86_64-linux-gnu/libcrypto.so 
/usr/bin/ld: cannot find -lidn2: No such file or directory
collect2: error: ld returned 1 exit status
gmake[1]: *** [CMakeFiles/cmTC_d511b.dir/build.make:104: cmTC_d511b] Error 1
gmake[1]: Leaving directory '/home/ubuntu/ProjectMetier/third_party/curl-8.1.2/CMakeFiles/CMakeTmp'
gmake: *** [Makefile:127: cmTC_d511b/fast] Error 2



Determining if files inttypes.h;sys/filio.h exist failed with the following output:
Change Dir: /home/ubuntu/ProjectMetier/third_party/curl-8.1.2/CMakeFiles/CMakeTmp

Run Build Command(s):/usr/bin/gmake -f Makefile cmTC_52840/fast && /usr/bin/gmake  -f CMakeFiles/cmTC_52840.dir/build.make CMakeFiles/cmTC_52840.dir/build
gmake[1]: Entering directory '/home/ubuntu/ProjectMetier/third_party/curl-8.1.2/CMakeFiles/CMakeTmp'
Building C object CMakeFiles/cmTC_52840.dir/HAVE_SYS_FILIO_H.c.o
/usr/bin/cc   -W -Wall -pedantic -Wbad-function-cast -Wconversion -Winline -Wmissing-declarations -Wmissing-prototypes -Wnested-externs -Wno-long-long -Wno-multichar -Wpointer-arith -Wshadow -Wsign-compare -Wundef -Wunused -Wwrite-strings -Wcast-align -Wdeclaration-after-statement -Wempty-body -Wendif-labels -Wfloat-equal -Wignored-qualifiers -Wno-format-nonliteral -Wno-sign-conversion -Wno-system-headers -Wstrict-prototypes -Wtype-limits -Wvla -Wmissing-parameter-type -Wold-style-declaration -Wstrict-aliasing=3 -Wformat=2 -Warray-bounds=2 -ftree-vrp -Wduplicated-cond -Wnull-dereference -fdelete-null-pointer-checks -Wshift-negative-value -Wshift-overflow=2 -Walloc-zero -Wduplicated-branches -Wformat-overflow=2 -Wformat-truncation=1 -Wrestrict -Warith-conversion -Wdouble-promotion -Wenum-conversion -Wunused-const-variable  -o CMakeFiles/cmTC_52840.dir/HAVE_SYS_FILIO_H.c.o -c /home/ubuntu/ProjectMetier/third_party/curl-8.1.2/CMakeFiles/CheckIncludeFiles/HAVE_SYS_FILIO_H.c
/home/ubuntu/ProjectMetier/third_party/curl-8.1.2/CMakeFiles/CheckIncludeFiles/HAVE_SYS_FILIO_H.c:3:10: fatal error: sys/filio.h: No such file or directory
    3 | #include <sys/filio.h>
      |          ^~~~~~~~~~~~~
compilation terminated.
gmake[1]: *** [CMakeFiles/cmTC_52840.dir/build.make:78: CMakeFiles/cmTC_52840.dir/HAVE_SYS_FILIO_H.c.o] Error 1
gmake[1]: Leaving directory '/home/ubuntu/ProjectMetier/third_party/curl-8.1.2/CMakeFiles/CMakeTmp'
gmake: *** [Makefile:127: cmTC_52840/fast] Error 2


Source:
/* */
#include <inttypes.h>
#include <sys/filio.h>


int main(void){return 0;}

Determining if files inttypes.h;sys/ioctl.h;sys/param.h;sys/poll.h;sys/resource.h;sys/select.h;sys/socket.h;sys/sockio.h exist failed with the following output:
Change Dir: /home/ubuntu/ProjectMetier/third_party/curl-8.1.2/CMakeFiles/CMakeTmp

Run Build Command(s):/usr/bin/gmake -f Makefile cmTC_2cdc6/fast && /usr/bin/gmake  -f CMakeFiles/cmTC_2cdc6.dir/build.make CMakeFiles/cmTC_2cdc6.dir/build
gmake[1]: Entering directory '/home/ubuntu/ProjectMetier/third_party/curl-8.1.2/CMakeFiles/CMakeTmp'
Building C object CMakeFiles/cmTC_2cdc6.dir/HAVE_SYS_SOCKIO_H.c.o
/usr/bin/cc   -W -Wall -pedantic -Wbad-function-cast -Wconversion -Winline -Wmissing-declarations -Wmissing-prototypes -Wnested-externs -Wno-long-long -Wno-multichar -Wpointer-arith -Wshadow -Wsign-compare -Wundef -Wunused -Wwrite-strings -Wcast-align -Wdeclaration-after-statement -Wempty-body -Wendif-labels -Wfloat-equal -Wignored-qualifiers -Wno-format-nonliteral -Wno-sign-conversion -Wno-system-headers -Wstrict-prototypes -Wtype-limits -Wvla -Wmissing-parameter-type -Wold-style-declaration -Wstrict-aliasing=3 -Wformat=2 -Warray-bounds=2 -ftree-vrp -Wduplicated-cond -Wnull-dereference -fdelete-null-pointer-checks -Wshift-negative-value -Wshift-overflow=2 -Walloc-zero -Wduplicated-branches -Wformat-overflow=2 -Wformat-truncation=1 -Wrestrict -Warith-conversion -Wdouble-promotion -Wenum-conversion -Wunused-const-variable  -o CMakeFiles/cmTC_2cdc6.dir/HAVE_SYS_SOCKIO_H.c.o -c /home/ubuntu/ProjectMetier/third_party/curl-8.1.2/CMakeFiles/CheckIncludeFiles/HAVE_SYS_SOCKIO_H.c
/home/ubuntu/ProjectMetier/third_party/curl-8.1.2/CMakeFiles/CheckIncludeFiles/HAVE_SYS_SOCKIO_H.c:9:10: fatal error: sys/sockio.h: No such file or directory
    9 | #include <sys/sockio.h>
      |          ^~~~~~~~~~~~~~
compilation terminated.
gmake[1]: *** [CMakeFiles/cmTC_2cdc6.dir/build.make:78: CMakeFiles/cmTC_2cdc6.dir/HAVE_SYS_SOCKIO_H.c.o] Error 1
gmake[1]: Leaving directory '/home/ubuntu/ProjectMetier/third_party/curl-8.1.2/CMakeFiles/CMakeTmp'
gmake: *** [Makefile:127: cmTC_2cdc6/fast] Error 2


Source:
/* */
#include <inttypes.h>
#include <sys/ioctl.h>
#include <sys/param.h>
#include <sys/poll.h>
#include <sys/resource.h>
#include <sys/select.h>
#include <sys/socket.h>
#include <sys/sockio.h>


int main(void){return 0;}

Determining if files inttypes.h;sys/ioctl.h;sys/param.h;sys/poll.h;sys/resource.h;sys/select.h;sys/socket.h;sys/stat.h;sys/time.h;sys/types.h;sys/un.h;sys/utime.h exist failed with the following output:
Change Dir: /home/ubuntu/ProjectMetier/third_party/curl-8.1.2/CMakeFiles/CMakeTmp

Run Build Command(s):/usr/bin/gmake -f Makefile cmTC_e3616/fast && /usr/bin/gmake  -f CMakeFiles/cmTC_e3616.dir/build.make CMakeFiles/cmTC_e3616.dir/build
gmake[1]: Entering directory '/home/ubuntu/ProjectMetier/third_party/curl-8.1.2/CMakeFiles/CMakeTmp'
Building C object CMakeFiles/cmTC_e3616.dir/HAVE_SYS_UTIME_H.c.o
/usr/bin/cc   -W -Wall -pedantic -Wbad-function-cast -Wconversion -Winline -Wmissing-declarations -Wmissing-prototypes -Wnested-externs -Wno-long-long -Wno-multichar -Wpointer-arith -Wshadow -Wsign-compare -Wundef -Wunused -Wwrite-strings -Wcast-align -Wdeclaration-after-statement -Wempty-body -Wendif-labels -Wfloat-equal -Wignored-qualifiers -Wno-format-nonliteral -Wno-sign-conversion -Wno-system-headers -Wstrict-prototypes -Wtype-limits -Wvla -Wmissing-parameter-type -Wold-style-declaration -Wstrict-aliasing=3 -Wformat=2 -Warray-bounds=2 -ftree-vrp -Wduplicated-cond -Wnull-dereference -fdelete-null-pointer-checks -Wshift-negative-value -Wshift-overflow=2 -Walloc-zero -Wduplicated-branches -Wformat-overflow=2 -Wformat-truncation=1 -Wrestrict -Warith-conversion -Wdouble-promotion -Wenum-conversion -Wunused-const-variable  -o CMakeFiles/cmTC_e3616.dir/HAVE_SYS_UTIME_H.c.o -c /home/ubuntu/ProjectMetier/third_party/curl-8.1.2/CMakeFiles/CheckIncludeFiles/HAVE_SYS_UTIME_H.c
/home/ubuntu/ProjectMetier/third_party/curl-8.1.2/CMakeFiles/CheckIncludeFiles/HAVE_SYS_UTIME_H.c:13:10: fatal error: sys/utime.h: No such file or directory
   13 | #include <sys/utime.h>
      |          ^~~~~~~~~~~~~
compilation terminated.
gmake[1]: *** [CMakeFiles/cmTC_e3616.dir/build.make:78: CMakeFiles/cmTC_e3616.dir/HAVE_SYS_UTIME_H.c.o] Error 1
gmake[1]: Leaving directory '/home/ubuntu/ProjectMetier/third_party/curl-8.1.2/CMakeFiles/CMakeTmp'
gmake: *** [Makefile:127: cmTC_e3616/fast] Error 2


Source:
/* */
#include <inttypes.h>
#include <sys/ioctl.h>
#include <sys/param.h>
#include <sys/poll.h>
#include <sys/resource.h>
#include <sys/select.h>
#include <sys/socket.h>
#include <sys/stat.h>
#include <sys/time.h>
#include <sys/types.h>
#include <sys/un.h>
#include <sys/utime.h>


int main(void){return 0;}

Determining if files inttypes.h;sys/ioctl.h;sys/param.h;sys/poll.h;sys/resource.h;sys/select.h;sys/socket.h;sys/stat.h;sys/time.h;sys/types.h;sys/un.h;sys/xattr.h;arpa/inet.h;arpa/tftp.h;fcntl.h;idn2.h exist failed with the following output:
Change Dir: /home/ubuntu/ProjectMetier/third_party/curl-8.1.2/CMakeFiles/CMakeTmp

Run Build Command(s):/usr/bin/gmake -f Makefile cmTC_45dc4/fast && /usr/bin/gmake  -f CMakeFiles/cmTC_45dc4.dir/build.make CMakeFiles/cmTC_45dc4.dir/build
gmake[1]: Entering directory '/home/ubuntu/ProjectMetier/third_party/curl-8.1.2/CMakeFiles/CMakeTmp'
Building C object CMakeFiles/cmTC_45dc4.dir/HAVE_IDN2_H.c.o
/usr/bin/cc   -W -Wall -pedantic -Wbad-function-cast -Wconversion -Winline -Wmissing-declarations -Wmissing-prototypes -Wnested-externs -Wno-long-long -Wno-multichar -Wpointer-arith -Wshadow -Wsign-compare -Wundef -Wunused -Wwrite-strings -Wcast-align -Wdeclaration-after-statement -Wempty-body -Wendif-labels -Wfloat-equal -Wignored-qualifiers -Wno-format-nonliteral -Wno-sign-conversion -Wno-system-headers -Wstrict-prototypes -Wtype-limits -Wvla -Wmissing-parameter-type -Wold-style-declaration -Wstrict-aliasing=3 -Wformat=2 -Warray-bounds=2 -ftree-vrp -Wduplicated-cond -Wnull-dereference -fdelete-null-pointer-checks -Wshift-negative-value -Wshift-overflow=2 -Walloc-zero -Wduplicated-branches -Wformat-overflow=2 -Wformat-truncation=1 -Wrestrict -Warith-conversion -Wdouble-promotion -Wenum-conversion -Wunused-const-variable  -o CMakeFiles/cmTC_45dc4.dir/HAVE_IDN2_H.c.o -c /home/ubuntu/ProjectMetier/third_party/curl-8.1.2/CMakeFiles/CheckIncludeFiles/HAVE_IDN2_H.c
/home/ubuntu/ProjectMetier/third_party/curl-8.1.2/CMakeFiles/CheckIncludeFiles/HAVE_IDN2_H.c:17:10: fatal error: idn2.h: No such file or directory
   17 | #include <idn2.h>
      |          ^~~~~~~~
compilation terminated.
gmake[1]: *** [CMakeFiles/cmTC_45dc4.dir/build.make:78: CMakeFiles/cmTC_45dc4.dir/HAVE_IDN2_H.c.o] Error 1
gmake[1]: Leaving directory '/home/ubuntu/ProjectMetier/third_party/curl-8.1.2/CMakeFiles/CMakeTmp'
gmake: *** [Makefile:127: cmTC_45dc4/fast] Error 2


Source:
/* */
#include <inttypes.h>
#include <sys/ioctl.h>
#include <sys/param.h>
#include <sys/poll.h>
#include <sys/resource.h>
#include <sys/select.h>
#include <sys/socket.h>
#include <sys/stat.h>
#include <sys/time.h>
#include <sys/types.h>
#include <sys/un.h>
#include <sys/xattr.h>
#include <arpa/inet.h>
#include <arpa/tftp.h>
#include <fcntl.h>
#include <idn2.h>


int main(void){return 0;}

Determining if files inttypes.h;sys/ioctl.h;sys/param.h;sys/poll.h;sys/resource.h;sys/select.h;sys/socket.h;sys/stat.h;sys/time.h;sys/types.h;sys/un.h;sys/xattr.h;arpa/inet.h;arpa/tftp.h;fcntl.h;ifaddrs.h;io.h exist failed with the following output:
Change Dir: /home/ubuntu/ProjectMetier/third_party/curl-8.1.2/CMakeFiles/CMakeTmp

Run Build Command(s):/usr/bin/gmake -f Makefile cmTC_58f99/fast && /usr/bin/gmake  -f CMakeFiles/cmTC_58f99.dir/build.make CMakeFiles/cmTC_58f99.dir/build
gmake[1]: Entering directory '/home/ubuntu/ProjectMetier/third_party/curl-8.1.2/CMakeFiles/CMakeTmp'
Building C object CMakeFiles/cmTC_58f99.dir/HAVE_IO_H.c.o
/usr/bin/cc   -W -Wall -pedantic -Wbad-function-cast -Wconversion -Winline -Wmissing-declarations -Wmissing-prototypes -Wnested-externs -Wno-long-long -Wno-multichar -Wpointer-arith -Wshadow -Wsign-compare -Wundef -Wunused -Wwrite-strings -Wcast-align -Wdeclaration-after-statement -Wempty-body -Wendif-labels -Wfloat-equal -Wignored-qualifiers -Wno-format-nonliteral -Wno-sign-conversion -Wno-system-headers -Wstrict-prototypes -Wtype-limits -Wvla -Wmissing-parameter-type -Wold-style-declaration -Wstrict-aliasing=3 -Wformat=2 -Warray-bounds=2 -ftree-vrp -Wduplicated-cond -Wnull-dereference -fdelete-null-pointer-checks -Wshift-negative-value -Wshift-overflow=2 -Walloc-zero -Wduplicated-branches -Wformat-overflow=2 -Wformat-truncation=1 -Wrestrict -Warith-conversion -Wdouble-promotion -Wenum-conversion -Wunused-const-variable  -o CMakeFiles/cmTC_58f99.dir/HAVE_IO_H.c.o -c /home/ubuntu/ProjectMetier/third_party/curl-8.1.2/CMakeFiles/CheckIncludeFiles/HAVE_IO_H.c
/home/ubuntu/ProjectMetier/third_party/curl-8.1.2/CMakeFiles/CheckIncludeFiles/HAVE_IO_H.c:18:10: fatal error: io.h: No such file or directory
   18 | #include <io.h>
      |          ^~~~~~
compilation terminated.
gmake[1]: *** [CMakeFiles/cmTC_58f99.dir/build.make:78: CMakeFiles/cmTC_58f99.dir/HAVE_IO_H.c.o] Error 1
gmake[1]: Leaving directory '/home/ubuntu/ProjectMetier/third_party/curl-8.1.2/CMakeFiles/CMakeTmp'
gmake: *** [Makefile:127: cmTC_58f99/fast] Error 2


Source:
/* */
#include <inttypes.h>
#include <sys/ioctl.h>
#include <sys/param.h>
#include <sys/poll.h>
#include <sys/resource.h>
#include <sys/select.h>
#include <sys/socket.h>
#include <sys/stat.h>
#include <sys/time.h>
#include <sys/types.h>
#include <sys/un.h>
#include <sys/xattr.h>
#include <arpa/inet.h>
#include <arpa/tftp.h>
#include <fcntl.h>
#include <ifaddrs.h>
#include <io.h>


int main(void){return 0;}

Determining if files inttypes.h;sys/ioctl.h;sys/param.h;sys/poll.h;sys/resource.h;sys/select.h;sys/socket.h;sys/stat.h;sys/time.h;sys/types.h;sys/un.h;sys/xattr.h;arpa/inet.h;arpa/tftp.h;fcntl.h;ifaddrs.h;libgen.h;locale.h;net/if.h;netdb.h;netinet/in.h;netinet/tcp.h;poll.h;pwd.h;setjmp.h;signal.h;ssl.h exist failed with the following output:
Change Dir: /home/ubuntu/ProjectMetier/third_party/curl-8.1.2/CMakeFiles/CMakeTmp

Run Build Command(s):/usr/bin/gmake -f Makefile cmTC_aa594/fast && /usr/bin/gmake  -f CMakeFiles/cmTC_aa594.dir/build.make CMakeFiles/cmTC_aa594.dir/build
gmake[1]: Entering directory '/home/ubuntu/ProjectMetier/third_party/curl-8.1.2/CMakeFiles/CMakeTmp'
Building C object CMakeFiles/cmTC_aa594.dir/HAVE_SSL_H.c.o
/usr/bin/cc   -W -Wall -pedantic -Wbad-function-cast -Wconversion -Winline -Wmissing-declarations -Wmissing-prototypes -Wnested-externs -Wno-long-long -Wno-multichar -Wpointer-arith -Wshadow -Wsign-compare -Wundef -Wunused -Wwrite-strings -Wcast-align -Wdeclaration-after-statement -Wempty-body -Wendif-labels -Wfloat-equal -Wignored-qualifiers -Wno-format-nonliteral -Wno-sign-conversion -Wno-system-headers -Wstrict-prototypes -Wtype-limits -Wvla -Wmissing-parameter-type -Wold-style-declaration -Wstrict-aliasing=3 -Wformat=2 -Warray-bounds=2 -ftree-vrp -Wduplicated-cond -Wnull-dereference -fdelete-null-pointer-checks -Wshift-negative-value -Wshift-overflow=2 -Walloc-zero -Wduplicated-branches -Wformat-overflow=2 -Wformat-truncation=1 -Wrestrict -Warith-conversion -Wdouble-promotion -Wenum-conversion -Wunused-const-variable  -o CMakeFiles/cmTC_aa594.dir/HAVE_SSL_H.c.o -c /home/ubuntu/ProjectMetier/third_party/curl-8.1.2/CMakeFiles/CheckIncludeFiles/HAVE_SSL_H.c
/home/ubuntu/ProjectMetier/third_party/curl-8.1.2/CMakeFiles/CheckIncludeFiles/HAVE_SSL_H.c:28:10: fatal error: ssl.h: No such file or directory
   28 | #include <ssl.h>
      |          ^~~~~~~
compilation terminated.
gmake[1]: *** [CMakeFiles/cmTC_aa594.dir/build.make:78: CMakeFiles/cmTC_aa594.dir/HAVE_SSL_H.c.o] Error 1
gmake[1]: Leaving directory '/home/ubuntu/ProjectMetier/third_party/curl-8.1.2/CMakeFiles/CMakeTmp'
gmake: *** [Makefile:127: cmTC_aa594/fast] Error 2


Source:
/* */
#include <inttypes.h>
#include <sys/ioctl.h>
#include <sys/param.h>
#include <sys/poll.h>
#include <sys/resource.h>
#include <sys/select.h>
#include <sys/socket.h>
#include <sys/stat.h>
#include <sys/time.h>
#include <sys/types.h>
#include <sys/un.h>
#include <sys/xattr.h>
#include <arpa/inet.h>
#include <arpa/tftp.h>
#include <fcntl.h>
#include <ifaddrs.h>
#include <libgen.h>
#include <locale.h>
#include <net/if.h>
#include <netdb.h>
#include <netinet/in.h>
#include <netinet/tcp.h>
#include <poll.h>
#include <pwd.h>
#include <setjmp.h>
#include <signal.h>
#include <ssl.h>


int main(void){return 0;}

Determining if files inttypes.h;sys/ioctl.h;sys/param.h;sys/poll.h;sys/resource.h;sys/select.h;sys/socket.h;sys/stat.h;sys/time.h;sys/types.h;sys/un.h;sys/xattr.h;arpa/inet.h;arpa/tftp.h;fcntl.h;ifaddrs.h;libgen.h;locale.h;net/if.h;netdb.h;netinet/in.h;netinet/tcp.h;poll.h;pwd.h;setjmp.h;signal.h;stdatomic.h;stdbool.h;stdint.h;stdlib.h;string.h;strings.h;stropts.h exist failed with the following output:
Change Dir: /home/ubuntu/ProjectMetier/third_party/curl-8.1.2/CMakeFiles/CMakeTmp

Run Build Command(s):/usr/bin/gmake -f Makefile cmTC_3f4be/fast && /usr/bin/gmake  -f CMakeFiles/cmTC_3f4be.dir/build.make CMakeFiles/cmTC_3f4be.dir/build
gmake[1]: Entering directory '/home/ubuntu/ProjectMetier/third_party/curl-8.1.2/CMakeFiles/CMakeTmp'
Building C object CMakeFiles/cmTC_3f4be.dir/HAVE_STROPTS_H.c.o
/usr/bin/cc   -W -Wall -pedantic -Wbad-function-cast -Wconversion -Winline -Wmissing-declarations -Wmissing-prototypes -Wnested-externs -Wno-long-long -Wno-multichar -Wpointer-arith -Wshadow -Wsign-compare -Wundef -Wunused -Wwrite-strings -Wcast-align -Wdeclaration-after-statement -Wempty-body -Wendif-labels -Wfloat-equal -Wignored-qualifiers -Wno-format-nonliteral -Wno-sign-conversion -Wno-system-headers -Wstrict-prototypes -Wtype-limits -Wvla -Wmissing-parameter-type -Wold-style-declaration -Wstrict-aliasing=3 -Wformat=2 -Warray-bounds=2 -ftree-vrp -Wduplicated-cond -Wnull-dereference -fdelete-null-pointer-checks -Wshift-negative-value -Wshift-overflow=2 -Walloc-zero -Wduplicated-branches -Wformat-overflow=2 -Wformat-truncation=1 -Wrestrict -Warith-conversion -Wdouble-promotion -Wenum-conversion -Wunused-const-variable  -o CMakeFiles/cmTC_3f4be.dir/HAVE_STROPTS_H.c.o -c /home/ubuntu/ProjectMetier/third_party/curl-8.1.2/CMakeFiles/CheckIncludeFiles/HAVE_STROPTS_H.c
/home/ubuntu/ProjectMetier/third_party/curl-8.1.2/CMakeFiles/CheckIncludeFiles/HAVE_STROPTS_H.c:34:10: fatal error: stropts.h: No such file or directory
   34 | #include <stropts.h>
      |          ^~~~~~~~~~~
compilation terminated.
gmake[1]: *** [CMakeFiles/cmTC_3f4be.dir/build.make:78: CMakeFiles/cmTC_3f4be.dir/HAVE_STROPTS_H.c.o] Error 1
gmake[1]: Leaving directory '/home/ubuntu/ProjectMetier/third_party/curl-8.1.2/CMakeFiles/CMakeTmp'
gmake: *** [Makefile:127: cmTC_3f4be/fast] Error 2


Source:
/* */
#include <inttypes.h>
#include <sys/ioctl.h>
#include <sys/param.h>
#include <sys/poll.h>
#include <sys/resource.h>
#include <sys/select.h>
#include <sys/socket.h>
#include <sys/stat.h>
#include <sys/time.h>
#include <sys/types.h>
#include <sys/un.h>
#include <sys/xattr.h>
#include <arpa/inet.h>
#include <arpa/tftp.h>
#include <fcntl.h>
#include <ifaddrs.h>
#include <libgen.h>
#include <locale.h>
#include <net/if.h>
#include <netdb.h>
#include <netinet/in.h>
#include <netinet/tcp.h>
#include <poll.h>
#include <pwd.h>
#include <setjmp.h>
#include <signal.h>
#include <stdatomic.h>
#include <stdbool.h>
#include <stdint.h>
#include <stdlib.h>
#include <string.h>
#include <strings.h>
#include <stropts.h>


int main(void){return 0;}

Determining size of __int64 failed with the following output:
Change Dir: /home/ubuntu/ProjectMetier/third_party/curl-8.1.2/CMakeFiles/CMakeTmp

Run Build Command(s):/usr/bin/gmake -f Makefile cmTC_47dfb/fast && /usr/bin/gmake  -f CMakeFiles/cmTC_47dfb.dir/build.make CMakeFiles/cmTC_47dfb.dir/build
gmake[1]: Entering directory '/home/ubuntu/ProjectMetier/third_party/curl-8.1.2/CMakeFiles/CMakeTmp'
Building C object CMakeFiles/cmTC_47dfb.dir/SIZEOF___INT64.c.o
/usr/bin/cc   -W -Wall -pedantic -Wbad-function-cast -Wconversion -Winline -Wmissing-declarations -Wmissing-prototypes -Wnested-externs -Wno-long-long -Wno-multichar -Wpointer-arith -Wshadow -Wsign-compare -Wundef -Wunused -Wwrite-strings -Wcast-align -Wdeclaration-after-statement -Wempty-body -Wendif-labels -Wfloat-equal -Wignored-qualifiers -Wno-format-nonliteral -Wno-sign-conversion -Wno-system-headers -Wstrict-prototypes -Wtype-limits -Wvla -Wmissing-parameter-type -Wold-style-declaration -Wstrict-aliasing=3 -Wformat=2 -Warray-bounds=2 -ftree-vrp -Wduplicated-cond -Wnull-dereference -fdelete-null-pointer-checks -Wshift-negative-value -Wshift-overflow=2 -Walloc-zero -Wduplicated-branches -Wformat-overflow=2 -Wformat-truncation=1 -Wrestrict -Warith-conversion -Wdouble-promotion -Wenum-conversion -Wunused-const-variable  -o CMakeFiles/cmTC_47dfb.dir/SIZEOF___INT64.c.o -c /home/ubuntu/ProjectMetier/third_party/curl-8.1.2/CMakeFiles/CheckTypeSize/SIZEOF___INT64.c
/home/ubuntu/ProjectMetier/third_party/curl-8.1.2/CMakeFiles/CheckTypeSize/SIZEOF___INT64.c:27:22: error: ‘__int64’ undeclared here (not in a function); did you mean ‘__int64_t’?
   27 | #define SIZE (sizeof(__int64))
      |                      ^~~~~~~
/home/ubuntu/ProjectMetier/third_party/curl-8.1.2/CMakeFiles/CheckTypeSize/SIZEOF___INT64.c:29:12: note: in expansion of macro ‘SIZE’
   29 |   ('0' + ((SIZE / 10000)%10)),
      |            ^~~~
gmake[1]: *** [CMakeFiles/cmTC_47dfb.dir/build.make:78: CMakeFiles/cmTC_47dfb.dir/SIZEOF___INT64.c.o] Error 1
gmake[1]: Leaving directory '/home/ubuntu/ProjectMetier/third_party/curl-8.1.2/CMakeFiles/CMakeTmp'
gmake: *** [Makefile:127: cmTC_47dfb/fast] Error 2


/home/ubuntu/ProjectMetier/third_party/curl-8.1.2/CMakeFiles/CheckTypeSize/SIZEOF___INT64.c:
#include <sys/types.h>
#include <stdint.h>
#include <stddef.h>


#undef KEY
#if defined(__i386)
# define KEY '_','_','i','3','8','6'
#elif defined(__x86_64)
# define KEY '_','_','x','8','6','_','6','4'
#elif defined(__PPC64__)
# define KEY '_','_','P','P','C','6','4','_','_'
#elif defined(__ppc64__)
# define KEY '_','_','p','p','c','6','4','_','_'
#elif defined(__PPC__)
# define KEY '_','_','P','P','C','_','_'
#elif defined(__ppc__)
# define KEY '_','_','p','p','c','_','_'
#elif defined(__aarch64__)
# define KEY '_','_','a','a','r','c','h','6','4','_','_'
#elif defined(__ARM_ARCH_7A__)
# define KEY '_','_','A','R','M','_','A','R','C','H','_','7','A','_','_'
#elif defined(__ARM_ARCH_7S__)
# define KEY '_','_','A','R','M','_','A','R','C','H','_','7','S','_','_'
#endif

#define SIZE (sizeof(__int64))
static char info_size[] =  {'I', 'N', 'F', 'O', ':', 's','i','z','e','[',
  ('0' + ((SIZE / 10000)%10)),
  ('0' + ((SIZE / 1000)%10)),
  ('0' + ((SIZE / 100)%10)),
  ('0' + ((SIZE / 10)%10)),
  ('0' +  (SIZE    % 10)),
  ']',
#ifdef KEY
  ' ','k','e','y','[', KEY, ']',
#endif
  '\0'};

#ifdef __CLASSIC_C__
int main(argc, argv) int argc; char *argv[];
#else
int main(int argc, char *argv[])
#endif
{
  int require = 0;
  require += info_size[argc];
  (void)argv;
  return require;
}


Determining if the stricmp exist failed with the following output:
Change Dir: /home/ubuntu/ProjectMetier/third_party/curl-8.1.2/CMakeFiles/CMakeTmp

Run Build Command(s):/usr/bin/gmake -f Makefile cmTC_d3aea/fast && /usr/bin/gmake  -f CMakeFiles/cmTC_d3aea.dir/build.make CMakeFiles/cmTC_d3aea.dir/build
gmake[1]: Entering directory '/home/ubuntu/ProjectMetier/third_party/curl-8.1.2/CMakeFiles/CMakeTmp'
Building C object CMakeFiles/cmTC_d3aea.dir/CheckSymbolExists.c.o
/usr/bin/cc   -W -Wall -pedantic -Wbad-function-cast -Wconversion -Winline -Wmissing-declarations -Wmissing-prototypes -Wnested-externs -Wno-long-long -Wno-multichar -Wpointer-arith -Wshadow -Wsign-compare -Wundef -Wunused -Wwrite-strings -Wcast-align -Wdeclaration-after-statement -Wempty-body -Wendif-labels -Wfloat-equal -Wignored-qualifiers -Wno-format-nonliteral -Wno-sign-conversion -Wno-system-headers -Wstrict-prototypes -Wtype-limits -Wvla -Wmissing-parameter-type -Wold-style-declaration -Wstrict-aliasing=3 -Wformat=2 -Warray-bounds=2 -ftree-vrp -Wduplicated-cond -Wnull-dereference -fdelete-null-pointer-checks -Wshift-negative-value -Wshift-overflow=2 -Walloc-zero -Wduplicated-branches -Wformat-overflow=2 -Wformat-truncation=1 -Wrestrict -Warith-conversion -Wdouble-promotion -Wenum-conversion -Wunused-const-variable  -o CMakeFiles/cmTC_d3aea.dir/CheckSymbolExists.c.o -c /home/ubuntu/ProjectMetier/third_party/curl-8.1.2/CMakeFiles/CMakeTmp/CheckSymbolExists.c
/home/ubuntu/ProjectMetier/third_party/curl-8.1.2/CMakeFiles/CMakeTmp/CheckSymbolExists.c: In function ‘main’:
/home/ubuntu/ProjectMetier/third_party/curl-8.1.2/CMakeFiles/CMakeTmp/CheckSymbolExists.c:46:19: error: ‘stricmp’ undeclared (first use in this function); did you mean ‘strncmp’?
   46 |   return ((int*)(&stricmp))[argc];
      |                   ^~~~~~~
      |                   strncmp
/home/ubuntu/ProjectMetier/third_party/curl-8.1.2/CMakeFiles/CMakeTmp/CheckSymbolExists.c:46:19: note: each undeclared identifier is reported only once for each function it appears in
/home/ubuntu/ProjectMetier/third_party/curl-8.1.2/CMakeFiles/CMakeTmp/CheckSymbolExists.c:42:14: warning: parameter ‘argc’ set but not used [-Wunused-but-set-parameter]
   42 | int main(int argc, char** argv)
      |          ~~~~^~~~
gmake[1]: *** [CMakeFiles/cmTC_d3aea.dir/build.make:78: CMakeFiles/cmTC_d3aea.dir/CheckSymbolExists.c.o] Error 1
gmake[1]: Leaving directory '/home/ubuntu/ProjectMetier/third_party/curl-8.1.2/CMakeFiles/CMakeTmp'
gmake: *** [Makefile:127: cmTC_d3aea/fast] Error 2


File /home/ubuntu/ProjectMetier/third_party/curl-8.1.2/CMakeFiles/CMakeTmp/CheckSymbolExists.c:
/* */
#include <inttypes.h>
#include <sys/ioctl.h>
#include <sys/param.h>
#include <sys/poll.h>
#include <sys/resource.h>
#include <sys/select.h>
#include <sys/socket.h>
#include <sys/stat.h>
#include <sys/time.h>
#include <sys/types.h>
#include <sys/un.h>
#include <sys/xattr.h>
#include <arpa/inet.h>
#include <arpa/tftp.h>
#include <fcntl.h>
#include <ifaddrs.h>
#include <libgen.h>
#include <locale.h>
#include <net/if.h>
#include <netdb.h>
#include <netinet/in.h>
#include <netinet/tcp.h>
#include <poll.h>
#include <pwd.h>
#include <setjmp.h>
#include <signal.h>
#include <stdatomic.h>
#include <stdbool.h>
#include <stdint.h>
#include <stdlib.h>
#include <string.h>
#include <strings.h>
#include <termio.h>
#include <termios.h>
#include <time.h>
#include <unistd.h>
#include <utime.h>
#include <stddef.h>
#include <sys/utsname.h>

int main(int argc, char** argv)
{
  (void)argv;
#ifndef stricmp
  return ((int*)(&stricmp))[argc];
#else
  (void)argc;
  return 0;
#endif
}
Determining if the strcmpi exist failed with the following output:
Change Dir: /home/ubuntu/ProjectMetier/third_party/curl-8.1.2/CMakeFiles/CMakeTmp

Run Build Command(s):/usr/bin/gmake -f Makefile cmTC_ac9ef/fast && /usr/bin/gmake  -f CMakeFiles/cmTC_ac9ef.dir/build.make CMakeFiles/cmTC_ac9ef.dir/build
gmake[1]: Entering directory '/home/ubuntu/ProjectMetier/third_party/curl-8.1.2/CMakeFiles/CMakeTmp'
Building C object CMakeFiles/cmTC_ac9ef.dir/CheckSymbolExists.c.o
/usr/bin/cc   -W -Wall -pedantic -Wbad-function-cast -Wconversion -Winline -Wmissing-declarations -Wmissing-prototypes -Wnested-externs -Wno-long-long -Wno-multichar -Wpointer-arith -Wshadow -Wsign-compare -Wundef -Wunused -Wwrite-strings -Wcast-align -Wdeclaration-after-statement -Wempty-body -Wendif-labels -Wfloat-equal -Wignored-qualifiers -Wno-format-nonliteral -Wno-sign-conversion -Wno-system-headers -Wstrict-prototypes -Wtype-limits -Wvla -Wmissing-parameter-type -Wold-style-declaration -Wstrict-aliasing=3 -Wformat=2 -Warray-bounds=2 -ftree-vrp -Wduplicated-cond -Wnull-dereference -fdelete-null-pointer-checks -Wshift-negative-value -Wshift-overflow=2 -Walloc-zero -Wduplicated-branches -Wformat-overflow=2 -Wformat-truncation=1 -Wrestrict -Warith-conversion -Wdouble-promotion -Wenum-conversion -Wunused-const-variable  -o CMakeFiles/cmTC_ac9ef.dir/CheckSymbolExists.c.o -c /home/ubuntu/ProjectMetier/third_party/curl-8.1.2/CMakeFiles/CMakeTmp/CheckSymbolExists.c
/home/ubuntu/ProjectMetier/third_party/curl-8.1.2/CMakeFiles/CMakeTmp/CheckSymbolExists.c: In function ‘main’:
/home/ubuntu/ProjectMetier/third_party/curl-8.1.2/CMakeFiles/CMakeTmp/CheckSymbolExists.c:46:19: error: ‘strcmpi’ undeclared (first use in this function); did you mean ‘strcmp’?
   46 |   return ((int*)(&strcmpi))[argc];
      |                   ^~~~~~~
      |                   strcmp
/home/ubuntu/ProjectMetier/third_party/curl-8.1.2/CMakeFiles/CMakeTmp/CheckSymbolExists.c:46:19: note: each undeclared identifier is reported only once for each function it appears in
/home/ubuntu/ProjectMetier/third_party/curl-8.1.2/CMakeFiles/CMakeTmp/CheckSymbolExists.c:42:14: warning: parameter ‘argc’ set but not used [-Wunused-but-set-parameter]
   42 | int main(int argc, char** argv)
      |          ~~~~^~~~
gmake[1]: *** [CMakeFiles/cmTC_ac9ef.dir/build.make:78: CMakeFiles/cmTC_ac9ef.dir/CheckSymbolExists.c.o] Error 1
gmake[1]: Leaving directory '/home/ubuntu/ProjectMetier/third_party/curl-8.1.2/CMakeFiles/CMakeTmp'
gmake: *** [Makefile:127: cmTC_ac9ef/fast] Error 2


File /home/ubuntu/ProjectMetier/third_party/curl-8.1.2/CMakeFiles/CMakeTmp/CheckSymbolExists.c:
/* */
#include <inttypes.h>
#include <sys/ioctl.h>
#include <sys/param.h>
#include <sys/poll.h>
#include <sys/resource.h>
#include <sys/select.h>
#include <sys/socket.h>
#include <sys/stat.h>
#include <sys/time.h>
#include <sys/types.h>
#include <sys/un.h>
#include <sys/xattr.h>
#include <arpa/inet.h>
#include <arpa/tftp.h>
#include <fcntl.h>
#include <ifaddrs.h>
#include <libgen.h>
#include <locale.h>
#include <net/if.h>
#include <netdb.h>
#include <netinet/in.h>
#include <netinet/tcp.h>
#include <poll.h>
#include <pwd.h>
#include <setjmp.h>
#include <signal.h>
#include <stdatomic.h>
#include <stdbool.h>
#include <stdint.h>
#include <stdlib.h>
#include <string.h>
#include <strings.h>
#include <termio.h>
#include <termios.h>
#include <time.h>
#include <unistd.h>
#include <utime.h>
#include <stddef.h>
#include <sys/utsname.h>

int main(int argc, char** argv)
{
  (void)argv;
#ifndef strcmpi
  return ((int*)(&strcmpi))[argc];
#else
  (void)argc;
  return 0;
#endif
}
Determining if the closesocket exist failed with the following output:
Change Dir: /home/ubuntu/ProjectMetier/third_party/curl-8.1.2/CMakeFiles/CMakeTmp

Run Build Command(s):/usr/bin/gmake -f Makefile cmTC_ad26f/fast && /usr/bin/gmake  -f CMakeFiles/cmTC_ad26f.dir/build.make CMakeFiles/cmTC_ad26f.dir/build
gmake[1]: Entering directory '/home/ubuntu/ProjectMetier/third_party/curl-8.1.2/CMakeFiles/CMakeTmp'
Building C object CMakeFiles/cmTC_ad26f.dir/CheckSymbolExists.c.o
/usr/bin/cc   -W -Wall -pedantic -Wbad-function-cast -Wconversion -Winline -Wmissing-declarations -Wmissing-prototypes -Wnested-externs -Wno-long-long -Wno-multichar -Wpointer-arith -Wshadow -Wsign-compare -Wundef -Wunused -Wwrite-strings -Wcast-align -Wdeclaration-after-statement -Wempty-body -Wendif-labels -Wfloat-equal -Wignored-qualifiers -Wno-format-nonliteral -Wno-sign-conversion -Wno-system-headers -Wstrict-prototypes -Wtype-limits -Wvla -Wmissing-parameter-type -Wold-style-declaration -Wstrict-aliasing=3 -Wformat=2 -Warray-bounds=2 -ftree-vrp -Wduplicated-cond -Wnull-dereference -fdelete-null-pointer-checks -Wshift-negative-value -Wshift-overflow=2 -Walloc-zero -Wduplicated-branches -Wformat-overflow=2 -Wformat-truncation=1 -Wrestrict -Warith-conversion -Wdouble-promotion -Wenum-conversion -Wunused-const-variable  -o CMakeFiles/cmTC_ad26f.dir/CheckSymbolExists.c.o -c /home/ubuntu/ProjectMetier/third_party/curl-8.1.2/CMakeFiles/CMakeTmp/CheckSymbolExists.c
/home/ubuntu/ProjectMetier/third_party/curl-8.1.2/CMakeFiles/CMakeTmp/CheckSymbolExists.c: In function ‘main’:
/home/ubuntu/ProjectMetier/third_party/curl-8.1.2/CMakeFiles/CMakeTmp/CheckSymbolExists.c:46:19: error: ‘closesocket’ undeclared (first use in this function)
   46 |   return ((int*)(&closesocket))[argc];
      |                   ^~~~~~~~~~~
/home/ubuntu/ProjectMetier/third_party/curl-8.1.2/CMakeFiles/CMakeTmp/CheckSymbolExists.c:46:19: note: each undeclared identifier is reported only once for each function it appears in
/home/ubuntu/ProjectMetier/third_party/curl-8.1.2/CMakeFiles/CMakeTmp/CheckSymbolExists.c:42:14: warning: parameter ‘argc’ set but not used [-Wunused-but-set-parameter]
   42 | int main(int argc, char** argv)
      |          ~~~~^~~~
gmake[1]: *** [CMakeFiles/cmTC_ad26f.dir/build.make:78: CMakeFiles/cmTC_ad26f.dir/CheckSymbolExists.c.o] Error 1
gmake[1]: Leaving directory '/home/ubuntu/ProjectMetier/third_party/curl-8.1.2/CMakeFiles/CMakeTmp'
gmake: *** [Makefile:127: cmTC_ad26f/fast] Error 2


File /home/ubuntu/ProjectMetier/third_party/curl-8.1.2/CMakeFiles/CMakeTmp/CheckSymbolExists.c:
/* */
#include <inttypes.h>
#include <sys/ioctl.h>
#include <sys/param.h>
#include <sys/poll.h>
#include <sys/resource.h>
#include <sys/select.h>
#include <sys/socket.h>
#include <sys/stat.h>
#include <sys/time.h>
#include <sys/types.h>
#include <sys/un.h>
#include <sys/xattr.h>
#include <arpa/inet.h>
#include <arpa/tftp.h>
#include <fcntl.h>
#include <ifaddrs.h>
#include <libgen.h>
#include <locale.h>
#include <net/if.h>
#include <netdb.h>
#include <netinet/in.h>
#include <netinet/tcp.h>
#include <poll.h>
#include <pwd.h>
#include <setjmp.h>
#include <signal.h>
#include <stdatomic.h>
#include <stdbool.h>
#include <stdint.h>
#include <stdlib.h>
#include <string.h>
#include <strings.h>
#include <termio.h>
#include <termios.h>
#include <time.h>
#include <unistd.h>
#include <utime.h>
#include <stddef.h>
#include <sys/utsname.h>

int main(int argc, char** argv)
{
  (void)argv;
#ifndef closesocket
  return ((int*)(&closesocket))[argc];
#else
  (void)argc;
  return 0;
#endif
}
Determining if the getpass_r exist failed with the following output:
Change Dir: /home/ubuntu/ProjectMetier/third_party/curl-8.1.2/CMakeFiles/CMakeTmp

Run Build Command(s):/usr/bin/gmake -f Makefile cmTC_8d3c2/fast && /usr/bin/gmake  -f CMakeFiles/cmTC_8d3c2.dir/build.make CMakeFiles/cmTC_8d3c2.dir/build
gmake[1]: Entering directory '/home/ubuntu/ProjectMetier/third_party/curl-8.1.2/CMakeFiles/CMakeTmp'
Building C object CMakeFiles/cmTC_8d3c2.dir/CheckSymbolExists.c.o
/usr/bin/cc   -W -Wall -pedantic -Wbad-function-cast -Wconversion -Winline -Wmissing-declarations -Wmissing-prototypes -Wnested-externs -Wno-long-long -Wno-multichar -Wpointer-arith -Wshadow -Wsign-compare -Wundef -Wunused -Wwrite-strings -Wcast-align -Wdeclaration-after-statement -Wempty-body -Wendif-labels -Wfloat-equal -Wignored-qualifiers -Wno-format-nonliteral -Wno-sign-conversion -Wno-system-headers -Wstrict-prototypes -Wtype-limits -Wvla -Wmissing-parameter-type -Wold-style-declaration -Wstrict-aliasing=3 -Wformat=2 -Warray-bounds=2 -ftree-vrp -Wduplicated-cond -Wnull-dereference -fdelete-null-pointer-checks -Wshift-negative-value -Wshift-overflow=2 -Walloc-zero -Wduplicated-branches -Wformat-overflow=2 -Wformat-truncation=1 -Wrestrict -Warith-conversion -Wdouble-promotion -Wenum-conversion -Wunused-const-variable  -o CMakeFiles/cmTC_8d3c2.dir/CheckSymbolExists.c.o -c /home/ubuntu/ProjectMetier/third_party/curl-8.1.2/CMakeFiles/CMakeTmp/CheckSymbolExists.c
/home/ubuntu/ProjectMetier/third_party/curl-8.1.2/CMakeFiles/CMakeTmp/CheckSymbolExists.c: In function ‘main’:
/home/ubuntu/ProjectMetier/third_party/curl-8.1.2/CMakeFiles/CMakeTmp/CheckSymbolExists.c:46:19: error: ‘getpass_r’ undeclared (first use in this function); did you mean ‘getpass’?
   46 |   return ((int*)(&getpass_r))[argc];
      |                   ^~~~~~~~~
      |                   getpass
/home/ubuntu/ProjectMetier/third_party/curl-8.1.2/CMakeFiles/CMakeTmp/CheckSymbolExists.c:46:19: note: each undeclared identifier is reported only once for each function it appears in
/home/ubuntu/ProjectMetier/third_party/curl-8.1.2/CMakeFiles/CMakeTmp/CheckSymbolExists.c:42:14: warning: parameter ‘argc’ set but not used [-Wunused-but-set-parameter]
   42 | int main(int argc, char** argv)
      |          ~~~~^~~~
gmake[1]: *** [CMakeFiles/cmTC_8d3c2.dir/build.make:78: CMakeFiles/cmTC_8d3c2.dir/CheckSymbolExists.c.o] Error 1
gmake[1]: Leaving directory '/home/ubuntu/ProjectMetier/third_party/curl-8.1.2/CMakeFiles/CMakeTmp'
gmake: *** [Makefile:127: cmTC_8d3c2/fast] Error 2


File /home/ubuntu/ProjectMetier/third_party/curl-8.1.2/CMakeFiles/CMakeTmp/CheckSymbolExists.c:
/* */
#include <inttypes.h>
#include <sys/ioctl.h>
#include <sys/param.h>
#include <sys/poll.h>
#include <sys/resource.h>
#include <sys/select.h>
#include <sys/socket.h>
#include <sys/stat.h>
#include <sys/time.h>
#include <sys/types.h>
#include <sys/un.h>
#include <sys/xattr.h>
#include <arpa/inet.h>
#include <arpa/tftp.h>
#include <fcntl.h>
#include <ifaddrs.h>
#include <libgen.h>
#include <locale.h>
#include <net/if.h>
#include <netdb.h>
#include <netinet/in.h>
#include <netinet/tcp.h>
#include <poll.h>
#include <pwd.h>
#include <setjmp.h>
#include <signal.h>
#include <stdatomic.h>
#include <stdbool.h>
#include <stdint.h>
#include <stdlib.h>
#include <string.h>
#include <strings.h>
#include <termio.h>
#include <termios.h>
#include <time.h>
#include <unistd.h>
#include <utime.h>
#include <stddef.h>
#include <sys/utsname.h>

int main(int argc, char** argv)
{
  (void)argv;
#ifndef getpass_r
  return ((int*)(&getpass_r))[argc];
#else
  (void)argc;
  return 0;
#endif
}
Determining if the setmode exist failed with the following output:
Change Dir: /home/ubuntu/ProjectMetier/third_party/curl-8.1.2/CMakeFiles/CMakeTmp

Run Build Command(s):/usr/bin/gmake -f Makefile cmTC_cce3d/fast && /usr/bin/gmake  -f CMakeFiles/cmTC_cce3d.dir/build.make CMakeFiles/cmTC_cce3d.dir/build
gmake[1]: Entering directory '/home/ubuntu/ProjectMetier/third_party/curl-8.1.2/CMakeFiles/CMakeTmp'
Building C object CMakeFiles/cmTC_cce3d.dir/CheckSymbolExists.c.o
/usr/bin/cc   -W -Wall -pedantic -Wbad-function-cast -Wconversion -Winline -Wmissing-declarations -Wmissing-prototypes -Wnested-externs -Wno-long-long -Wno-multichar -Wpointer-arith -Wshadow -Wsign-compare -Wundef -Wunused -Wwrite-strings -Wcast-align -Wdeclaration-after-statement -Wempty-body -Wendif-labels -Wfloat-equal -Wignored-qualifiers -Wno-format-nonliteral -Wno-sign-conversion -Wno-system-headers -Wstrict-prototypes -Wtype-limits -Wvla -Wmissing-parameter-type -Wold-style-declaration -Wstrict-aliasing=3 -Wformat=2 -Warray-bounds=2 -ftree-vrp -Wduplicated-cond -Wnull-dereference -fdelete-null-pointer-checks -Wshift-negative-value -Wshift-overflow=2 -Walloc-zero -Wduplicated-branches -Wformat-overflow=2 -Wformat-truncation=1 -Wrestrict -Warith-conversion -Wdouble-promotion -Wenum-conversion -Wunused-const-variable  -o CMakeFiles/cmTC_cce3d.dir/CheckSymbolExists.c.o -c /home/ubuntu/ProjectMetier/third_party/curl-8.1.2/CMakeFiles/CMakeTmp/CheckSymbolExists.c
/home/ubuntu/ProjectMetier/third_party/curl-8.1.2/CMakeFiles/CMakeTmp/CheckSymbolExists.c: In function ‘main’:
/home/ubuntu/ProjectMetier/third_party/curl-8.1.2/CMakeFiles/CMakeTmp/CheckSymbolExists.c:46:19: error: ‘setmode’ undeclared (first use in this function)
   46 |   return ((int*)(&setmode))[argc];
      |                   ^~~~~~~
/home/ubuntu/ProjectMetier/third_party/curl-8.1.2/CMakeFiles/CMakeTmp/CheckSymbolExists.c:46:19: note: each undeclared identifier is reported only once for each function it appears in
/home/ubuntu/ProjectMetier/third_party/curl-8.1.2/CMakeFiles/CMakeTmp/CheckSymbolExists.c:42:14: warning: parameter ‘argc’ set but not used [-Wunused-but-set-parameter]
   42 | int main(int argc, char** argv)
      |          ~~~~^~~~
gmake[1]: *** [CMakeFiles/cmTC_cce3d.dir/build.make:78: CMakeFiles/cmTC_cce3d.dir/CheckSymbolExists.c.o] Error 1
gmake[1]: Leaving directory '/home/ubuntu/ProjectMetier/third_party/curl-8.1.2/CMakeFiles/CMakeTmp'
gmake: *** [Makefile:127: cmTC_cce3d/fast] Error 2


File /home/ubuntu/ProjectMetier/third_party/curl-8.1.2/CMakeFiles/CMakeTmp/CheckSymbolExists.c:
/* */
#include <inttypes.h>
#include <sys/ioctl.h>
#include <sys/param.h>
#include <sys/poll.h>
#include <sys/resource.h>
#include <sys/select.h>
#include <sys/socket.h>
#include <sys/stat.h>
#include <sys/time.h>
#include <sys/types.h>
#include <sys/un.h>
#include <sys/xattr.h>
#include <arpa/inet.h>
#include <arpa/tftp.h>
#include <fcntl.h>
#include <ifaddrs.h>
#include <libgen.h>
#include <locale.h>
#include <net/if.h>
#include <netdb.h>
#include <netinet/in.h>
#include <netinet/tcp.h>
#include <poll.h>
#include <pwd.h>
#include <setjmp.h>
#include <signal.h>
#include <stdatomic.h>
#include <stdbool.h>
#include <stdint.h>
#include <stdlib.h>
#include <string.h>
#include <strings.h>
#include <termio.h>
#include <termios.h>
#include <time.h>
#include <unistd.h>
#include <utime.h>
#include <stddef.h>
#include <sys/utsname.h>

int main(int argc, char** argv)
{
  (void)argv;
#ifndef setmode
  return ((int*)(&setmode))[argc];
#else
  (void)argc;
  return 0;
#endif
}
Determining if the function mach_absolute_time exists failed with the following output:
Change Dir: /home/ubuntu/ProjectMetier/third_party/curl-8.1.2/CMakeFiles/CMakeTmp

Run Build Command(s):/usr/bin/gmake -f Makefile cmTC_f0bac/fast && /usr/bin/gmake  -f CMakeFiles/cmTC_f0bac.dir/build.make CMakeFiles/cmTC_f0bac.dir/build
gmake[1]: Entering directory '/home/ubuntu/ProjectMetier/third_party/curl-8.1.2/CMakeFiles/CMakeTmp'
Building C object CMakeFiles/cmTC_f0bac.dir/CheckFunctionExists.c.o
/usr/bin/cc   -W -Wall -pedantic -Wbad-function-cast -Wconversion -Winline -Wmissing-declarations -Wmissing-prototypes -Wnested-externs -Wno-long-long -Wno-multichar -Wpointer-arith -Wshadow -Wsign-compare -Wundef -Wunused -Wwrite-strings -Wcast-align -Wdeclaration-after-statement -Wempty-body -Wendif-labels -Wfloat-equal -Wignored-qualifiers -Wno-format-nonliteral -Wno-sign-conversion -Wno-system-headers -Wstrict-prototypes -Wtype-limits -Wvla -Wmissing-parameter-type -Wold-style-declaration -Wstrict-aliasing=3 -Wformat=2 -Warray-bounds=2 -ftree-vrp -Wduplicated-cond -Wnull-dereference -fdelete-null-pointer-checks -Wshift-negative-value -Wshift-overflow=2 -Walloc-zero -Wduplicated-branches -Wformat-overflow=2 -Wformat-truncation=1 -Wrestrict -Warith-conversion -Wdouble-promotion -Wenum-conversion -Wunused-const-variable -DCHECK_FUNCTION_EXISTS=mach_absolute_time -o CMakeFiles/cmTC_f0bac.dir/CheckFunctionExists.c.o -c /usr/share/cmake-3.22/Modules/CheckFunctionExists.c
Linking C executable cmTC_f0bac
/usr/bin/cmake -E cmake_link_script CMakeFiles/cmTC_f0bac.dir/link.txt --verbose=1
/usr/bin/cc   -W -Wall -pedantic -Wbad-function-cast -Wconversion -Winline -Wmissing-declarations -Wmissing-prototypes -Wnested-externs -Wno-long-long -Wno-multichar -Wpointer-arith -Wshadow -Wsign-compare -Wundef -Wunused -Wwrite-strings -Wcast-align -Wdeclaration-after-statement -Wempty-body -Wendif-labels -Wfloat-equal -Wignored-qualifiers -Wno-format-nonliteral -Wno-sign-conversion -Wno-system-headers -Wstrict-prototypes -Wtype-limits -Wvla -Wmissing-parameter-type -Wold-style-declaration -Wstrict-aliasing=3 -Wformat=2 -Warray-bounds=2 -ftree-vrp -Wduplicated-cond -Wnull-dereference -fdelete-null-pointer-checks -Wshift-negative-value -Wshift-overflow=2 -Walloc-zero -Wduplicated-branches -Wformat-overflow=2 -Wformat-truncation=1 -Wrestrict -Warith-conversion -Wdouble-promotion -Wenum-conversion -Wunused-const-variable -DCHECK_FUNCTION_EXISTS=mach_absolute_time CMakeFiles/cmTC_f0bac.dir/CheckFunctionExists.c.o -o cmTC_f0bac  /usr/lib/x86_64-linux-gnu/libssl.so /usr/lib/x86_64-linux-gnu/libcrypto.so 
/usr/bin/ld: CMakeFiles/cmTC_f0bac.dir/CheckFunctionExists.c.o: in function `main':
CheckFunctionExists.c:(.text+0x14): undefined reference to `mach_absolute_time'
collect2: error: ld returned 1 exit status
gmake[1]: *** [CMakeFiles/cmTC_f0bac.dir/build.make:101: cmTC_f0bac] Error 1
gmake[1]: Leaving directory '/home/ubuntu/ProjectMetier/third_party/curl-8.1.2/CMakeFiles/CMakeTmp'
gmake: *** [Makefile:127: cmTC_f0bac/fast] Error 2



Performing Curl Test HAVE_FSETXATTR_6 failed with the following output:
Change Dir: /home/ubuntu/ProjectMetier/third_party/curl-8.1.2/CMakeFiles/CMakeTmp

Run Build Command(s):/usr/bin/gmake -f Makefile cmTC_06d7a/fast && /usr/bin/gmake  -f CMakeFiles/cmTC_06d7a.dir/build.make CMakeFiles/cmTC_06d7a.dir/build
gmake[1]: Entering directory '/home/ubuntu/ProjectMetier/third_party/curl-8.1.2/CMakeFiles/CMakeTmp'
Building C object CMakeFiles/cmTC_06d7a.dir/CurlTests.c.o
/usr/bin/cc   -W -Wall -pedantic -Wbad-function-cast -Wconversion -Winline -Wmissing-declarations -Wmissing-prototypes -Wnested-externs -Wno-long-long -Wno-multichar -Wpointer-arith -Wshadow -Wsign-compare -Wundef -Wunused -Wwrite-strings -Wcast-align -Wdeclaration-after-statement -Wempty-body -Wendif-labels -Wfloat-equal -Wignored-qualifiers -Wno-format-nonliteral -Wno-sign-conversion -Wno-system-headers -Wstrict-prototypes -Wtype-limits -Wvla -Wmissing-parameter-type -Wold-style-declaration -Wstrict-aliasing=3 -Wformat=2 -Warray-bounds=2 -ftree-vrp -Wduplicated-cond -Wnull-dereference -fdelete-null-pointer-checks -Wshift-negative-value -Wshift-overflow=2 -Walloc-zero -Wduplicated-branches -Wformat-overflow=2 -Wformat-truncation=1 -Wrestrict -Warith-conversion -Wdouble-promotion -Wenum-conversion -Wunused-const-variable -DHAVE_FSETXATTR_6  -DHAVE_INTTYPES_H -DHAVE_SYS_IOCTL_H -DHAVE_SYS_PARAM_H -DHAVE_SYS_POLL_H -DHAVE_SYS_RESOURCE_H -DHAVE_SYS_SELECT_H -DHAVE_SYS_SOCKET_H -DHAVE_SYS_STAT_H -DHAVE_SYS_TIME_H -DHAVE_SYS_TYPES_H -DHAVE_SYS_UN_H -DHAVE_SYS_XATTR_H -DHAVE_ARPA_INET_H -DHAVE_ARPA_TFTP_H -DHAVE_FCNTL_H -DHAVE_IFADDRS_H -DHAVE_LIBGEN_H -DHAVE_LOCALE_H -DHAVE_NET_IF_H -DHAVE_NETDB_H -DHAVE_NETINET_IN_H -DHAVE_NETINET_TCP_H -DHAVE_POLL_H -DHAVE_PWD_H -DHAVE_SETJMP_H -DHAVE_SIGNAL_H -DHAVE_STDATOMIC_H -DHAVE_STDBOOL_H -DHAVE_STDINT_H -DHAVE_STDLIB_H -DHAVE_STRING_H -DHAVE_STRINGS_H -DHAVE_TERMIO_H -DHAVE_TERMIOS_H -DHAVE_TIME_H -DHAVE_UNISTD_H -DHAVE_UTIME_H -DHAVE_STDDEF_H -DHAVE_SYS_UTSNAME_H -o CMakeFiles/cmTC_06d7a.dir/CurlTests.c.o -c /home/ubuntu/ProjectMetier/third_party/curl-8.1.2/CMake/CurlTests.c
/home/ubuntu/ProjectMetier/third_party/curl-8.1.2/CMake/CurlTests.c:422:1: warning: function declaration isn’t a prototype [-Wstrict-prototypes]
  422 | main() {
      | ^~~~
/home/ubuntu/ProjectMetier/third_party/curl-8.1.2/CMake/CurlTests.c: In function ‘main’:
/home/ubuntu/ProjectMetier/third_party/curl-8.1.2/CMake/CurlTests.c:423:3: error: too many arguments to function ‘fsetxattr’
  423 |   fsetxattr(0, 0, 0, 0, 0, 0);
      |   ^~~~~~~~~
In file included from /home/ubuntu/ProjectMetier/third_party/curl-8.1.2/CMake/CurlTests.c:420:
/usr/include/x86_64-linux-gnu/sys/xattr.h:54:12: note: declared here
   54 | extern int fsetxattr (int __fd, const char *__name, const void *__value,
      |            ^~~~~~~~~
gmake[1]: *** [CMakeFiles/cmTC_06d7a.dir/build.make:78: CMakeFiles/cmTC_06d7a.dir/CurlTests.c.o] Error 1
gmake[1]: Leaving directory '/home/ubuntu/ProjectMetier/third_party/curl-8.1.2/CMakeFiles/CMakeTmp'
gmake: *** [Makefile:127: cmTC_06d7a/fast] Error 2


Determining size of ADDRESS_FAMILY failed with the following output:
Change Dir: /home/ubuntu/ProjectMetier/third_party/curl-8.1.2/CMakeFiles/CMakeTmp

Run Build Command(s):/usr/bin/gmake -f Makefile cmTC_31adc/fast && /usr/bin/gmake  -f CMakeFiles/cmTC_31adc.dir/build.make CMakeFiles/cmTC_31adc.dir/build
gmake[1]: Entering directory '/home/ubuntu/ProjectMetier/third_party/curl-8.1.2/CMakeFiles/CMakeTmp'
Building C object CMakeFiles/cmTC_31adc.dir/SIZEOF_ADDRESS_FAMILY.c.o
/usr/bin/cc   -W -Wall -pedantic -Wbad-function-cast -Wconversion -Winline -Wmissing-declarations -Wmissing-prototypes -Wnested-externs -Wno-long-long -Wno-multichar -Wpointer-arith -Wshadow -Wsign-compare -Wundef -Wunused -Wwrite-strings -Wcast-align -Wdeclaration-after-statement -Wempty-body -Wendif-labels -Wfloat-equal -Wignored-qualifiers -Wno-format-nonliteral -Wno-sign-conversion -Wno-system-headers -Wstrict-prototypes -Wtype-limits -Wvla -Wmissing-parameter-type -Wold-style-declaration -Wstrict-aliasing=3 -Wformat=2 -Warray-bounds=2 -ftree-vrp -Wduplicated-cond -Wnull-dereference -fdelete-null-pointer-checks -Wshift-negative-value -Wshift-overflow=2 -Walloc-zero -Wduplicated-branches -Wformat-overflow=2 -Wformat-truncation=1 -Wrestrict -Warith-conversion -Wdouble-promotion -Wenum-conversion -Wunused-const-variable  -o CMakeFiles/cmTC_31adc.dir/SIZEOF_ADDRESS_FAMILY.c.o -c /home/ubuntu/ProjectMetier/third_party/curl-8.1.2/CMakeFiles/CheckTypeSize/SIZEOF_ADDRESS_FAMILY.c
/home/ubuntu/ProjectMetier/third_party/curl-8.1.2/CMakeFiles/CheckTypeSize/SIZEOF_ADDRESS_FAMILY.c:4:10: fatal error: ws2def.h: No such file or directory
    4 | #include "ws2def.h"
      |          ^~~~~~~~~~
compilation terminated.
gmake[1]: *** [CMakeFiles/cmTC_31adc.dir/build.make:78: CMakeFiles/cmTC_31adc.dir/SIZEOF_ADDRESS_FAMILY.c.o] Error 1
gmake[1]: Leaving directory '/home/ubuntu/ProjectMetier/third_party/curl-8.1.2/CMakeFiles/CMakeTmp'
gmake: *** [Makefile:127: cmTC_31adc/fast] Error 2


/home/ubuntu/ProjectMetier/third_party/curl-8.1.2/CMakeFiles/CheckTypeSize/SIZEOF_ADDRESS_FAMILY.c:
#include <sys/types.h>
#include <stdint.h>
#include <stddef.h>
#include "ws2def.h"


#undef KEY
#if defined(__i386)
# define KEY '_','_','i','3','8','6'
#elif defined(__x86_64)
# define KEY '_','_','x','8','6','_','6','4'
#elif defined(__PPC64__)
# define KEY '_','_','P','P','C','6','4','_','_'
#elif defined(__ppc64__)
# define KEY '_','_','p','p','c','6','4','_','_'
#elif defined(__PPC__)
# define KEY '_','_','P','P','C','_','_'
#elif defined(__ppc__)
# define KEY '_','_','p','p','c','_','_'
#elif defined(__aarch64__)
# define KEY '_','_','a','a','r','c','h','6','4','_','_'
#elif defined(__ARM_ARCH_7A__)
# define KEY '_','_','A','R','M','_','A','R','C','H','_','7','A','_','_'
#elif defined(__ARM_ARCH_7S__)
# define KEY '_','_','A','R','M','_','A','R','C','H','_','7','S','_','_'
#endif

#define SIZE (sizeof(ADDRESS_FAMILY))
static char info_size[] =  {'I', 'N', 'F', 'O', ':', 's','i','z','e','[',
  ('0' + ((SIZE / 10000)%10)),
  ('0' + ((SIZE / 1000)%10)),
  ('0' + ((SIZE / 100)%10)),
  ('0' + ((SIZE / 10)%10)),
  ('0' +  (SIZE    % 10)),
  ']',
#ifdef KEY
  ' ','k','e','y','[', KEY, ']',
#endif
  '\0'};

#ifdef __CLASSIC_C__
int main(argc, argv) int argc; char *argv[];
#else
int main(int argc, char *argv[])
#endif
{
  int require = 0;
  require += info_size[argc];
  (void)argv;
  return require;
}


Performing Curl Test HAVE_IOCTLSOCKET failed with the following output:
Change Dir: /home/ubuntu/ProjectMetier/third_party/curl-8.1.2/CMakeFiles/CMakeTmp

Run Build Command(s):/usr/bin/gmake -f Makefile cmTC_909d7/fast && /usr/bin/gmake  -f CMakeFiles/cmTC_909d7.dir/build.make CMakeFiles/cmTC_909d7.dir/build
gmake[1]: Entering directory '/home/ubuntu/ProjectMetier/third_party/curl-8.1.2/CMakeFiles/CMakeTmp'
Building C object CMakeFiles/cmTC_909d7.dir/CurlTests.c.o
/usr/bin/cc   -W -Wall -pedantic -Wbad-function-cast -Wconversion -Winline -Wmissing-declarations -Wmissing-prototypes -Wnested-externs -Wno-long-long -Wno-multichar -Wpointer-arith -Wshadow -Wsign-compare -Wundef -Wunused -Wwrite-strings -Wcast-align -Wdeclaration-after-statement -Wempty-body -Wendif-labels -Wfloat-equal -Wignored-qualifiers -Wno-format-nonliteral -Wno-sign-conversion -Wno-system-headers -Wstrict-prototypes -Wtype-limits -Wvla -Wmissing-parameter-type -Wold-style-declaration -Wstrict-aliasing=3 -Wformat=2 -Warray-bounds=2 -ftree-vrp -Wduplicated-cond -Wnull-dereference -fdelete-null-pointer-checks -Wshift-negative-value -Wshift-overflow=2 -Walloc-zero -Wduplicated-branches -Wformat-overflow=2 -Wformat-truncation=1 -Wrestrict -Warith-conversion -Wdouble-promotion -Wenum-conversion -Wunused-const-variable -DHAVE_IOCTLSOCKET  -DHAVE_INTTYPES_H -DHAVE_SYS_IOCTL_H -DHAVE_SYS_PARAM_H -DHAVE_SYS_POLL_H -DHAVE_SYS_RESOURCE_H -DHAVE_SYS_SELECT_H -DHAVE_SYS_SOCKET_H -DHAVE_SYS_STAT_H -DHAVE_SYS_TIME_H -DHAVE_SYS_TYPES_H -DHAVE_SYS_UN_H -DHAVE_SYS_XATTR_H -DHAVE_ARPA_INET_H -DHAVE_ARPA_TFTP_H -DHAVE_FCNTL_H -DHAVE_IFADDRS_H -DHAVE_LIBGEN_H -DHAVE_LOCALE_H -DHAVE_NET_IF_H -DHAVE_NETDB_H -DHAVE_NETINET_IN_H -DHAVE_NETINET_TCP_H -DHAVE_POLL_H -DHAVE_PWD_H -DHAVE_SETJMP_H -DHAVE_SIGNAL_H -DHAVE_STDATOMIC_H -DHAVE_STDBOOL_H -DHAVE_STDINT_H -DHAVE_STDLIB_H -DHAVE_STRING_H -DHAVE_STRINGS_H -DHAVE_TERMIO_H -DHAVE_TERMIOS_H -DHAVE_TIME_H -DHAVE_UNISTD_H -DHAVE_UTIME_H -DHAVE_STDDEF_H -DHAVE_SYS_UTSNAME_H -o CMakeFiles/cmTC_909d7.dir/CurlTests.c.o -c /home/ubuntu/ProjectMetier/third_party/curl-8.1.2/CMake/CurlTests.c
/home/ubuntu/ProjectMetier/third_party/curl-8.1.2/CMake/CurlTests.c:216:1: warning: function declaration isn’t a prototype [-Wstrict-prototypes]
  216 | main ()
      | ^~~~
/home/ubuntu/ProjectMetier/third_party/curl-8.1.2/CMake/CurlTests.c: In function ‘main’:
/home/ubuntu/ProjectMetier/third_party/curl-8.1.2/CMake/CurlTests.c:221:24: warning: implicit declaration of function ‘ioctlsocket’ [-Wimplicit-function-declaration]
  221 |  unsigned long flags = ioctlsocket(socket, FIONBIO, &flags);
      |                        ^~~~~~~~~~~
/home/ubuntu/ProjectMetier/third_party/curl-8.1.2/CMake/CurlTests.c:221:24: warning: nested extern declaration of ‘ioctlsocket’ [-Wnested-externs]
/home/ubuntu/ProjectMetier/third_party/curl-8.1.2/CMake/CurlTests.c:221:44: error: ‘FIONBIO’ undeclared (first use in this function)
  221 |  unsigned long flags = ioctlsocket(socket, FIONBIO, &flags);
      |                                            ^~~~~~~
/home/ubuntu/ProjectMetier/third_party/curl-8.1.2/CMake/CurlTests.c:221:44: note: each undeclared identifier is reported only once for each function it appears in
gmake[1]: *** [CMakeFiles/cmTC_909d7.dir/build.make:78: CMakeFiles/cmTC_909d7.dir/CurlTests.c.o] Error 1
gmake[1]: Leaving directory '/home/ubuntu/ProjectMetier/third_party/curl-8.1.2/CMakeFiles/CMakeTmp'
gmake: *** [Makefile:127: cmTC_909d7/fast] Error 2


Performing Curl Test HAVE_IOCTLSOCKET_CAMEL failed with the following output:
Change Dir: /home/ubuntu/ProjectMetier/third_party/curl-8.1.2/CMakeFiles/CMakeTmp

Run Build Command(s):/usr/bin/gmake -f Makefile cmTC_3bfa1/fast && /usr/bin/gmake  -f CMakeFiles/cmTC_3bfa1.dir/build.make CMakeFiles/cmTC_3bfa1.dir/build
gmake[1]: Entering directory '/home/ubuntu/ProjectMetier/third_party/curl-8.1.2/CMakeFiles/CMakeTmp'
Building C object CMakeFiles/cmTC_3bfa1.dir/CurlTests.c.o
/usr/bin/cc   -W -Wall -pedantic -Wbad-function-cast -Wconversion -Winline -Wmissing-declarations -Wmissing-prototypes -Wnested-externs -Wno-long-long -Wno-multichar -Wpointer-arith -Wshadow -Wsign-compare -Wundef -Wunused -Wwrite-strings -Wcast-align -Wdeclaration-after-statement -Wempty-body -Wendif-labels -Wfloat-equal -Wignored-qualifiers -Wno-format-nonliteral -Wno-sign-conversion -Wno-system-headers -Wstrict-prototypes -Wtype-limits -Wvla -Wmissing-parameter-type -Wold-style-declaration -Wstrict-aliasing=3 -Wformat=2 -Warray-bounds=2 -ftree-vrp -Wduplicated-cond -Wnull-dereference -fdelete-null-pointer-checks -Wshift-negative-value -Wshift-overflow=2 -Walloc-zero -Wduplicated-branches -Wformat-overflow=2 -Wformat-truncation=1 -Wrestrict -Warith-conversion -Wdouble-promotion -Wenum-conversion -Wunused-const-variable -DHAVE_IOCTLSOCKET_CAMEL  -DHAVE_INTTYPES_H -DHAVE_SYS_IOCTL_H -DHAVE_SYS_PARAM_H -DHAVE_SYS_POLL_H -DHAVE_SYS_RESOURCE_H -DHAVE_SYS_SELECT_H -DHAVE_SYS_SOCKET_H -DHAVE_SYS_STAT_H -DHAVE_SYS_TIME_H -DHAVE_SYS_TYPES_H -DHAVE_SYS_UN_H -DHAVE_SYS_XATTR_H -DHAVE_ARPA_INET_H -DHAVE_ARPA_TFTP_H -DHAVE_FCNTL_H -DHAVE_IFADDRS_H -DHAVE_LIBGEN_H -DHAVE_LOCALE_H -DHAVE_NET_IF_H -DHAVE_NETDB_H -DHAVE_NETINET_IN_H -DHAVE_NETINET_TCP_H -DHAVE_POLL_H -DHAVE_PWD_H -DHAVE_SETJMP_H -DHAVE_SIGNAL_H -DHAVE_STDATOMIC_H -DHAVE_STDBOOL_H -DHAVE_STDINT_H -DHAVE_STDLIB_H -DHAVE_STRING_H -DHAVE_STRINGS_H -DHAVE_TERMIO_H -DHAVE_TERMIOS_H -DHAVE_TIME_H -DHAVE_UNISTD_H -DHAVE_UTIME_H -DHAVE_STDDEF_H -DHAVE_SYS_UTSNAME_H -o CMakeFiles/cmTC_3bfa1.dir/CurlTests.c.o -c /home/ubuntu/ProjectMetier/third_party/curl-8.1.2/CMake/CurlTests.c
/home/ubuntu/ProjectMetier/third_party/curl-8.1.2/CMake/CurlTests.c:241:1: warning: function declaration isn’t a prototype [-Wstrict-prototypes]
  241 | main ()
      | ^~~~
/home/ubuntu/ProjectMetier/third_party/curl-8.1.2/CMake/CurlTests.c: In function ‘main’:
/home/ubuntu/ProjectMetier/third_party/curl-8.1.2/CMake/CurlTests.c:245:13: warning: implicit declaration of function ‘IoctlSocket’ [-Wimplicit-function-declaration]
  245 |     if(0 != IoctlSocket(0, 0, 0))
      |             ^~~~~~~~~~~
/home/ubuntu/ProjectMetier/third_party/curl-8.1.2/CMake/CurlTests.c:245:13: warning: nested extern declaration of ‘IoctlSocket’ [-Wnested-externs]
Linking C executable cmTC_3bfa1
/usr/bin/cmake -E cmake_link_script CMakeFiles/cmTC_3bfa1.dir/link.txt --verbose=1
/usr/bin/cc   -W -Wall -pedantic -Wbad-function-cast -Wconversion -Winline -Wmissing-declarations -Wmissing-prototypes -Wnested-externs -Wno-long-long -Wno-multichar -Wpointer-arith -Wshadow -Wsign-compare -Wundef -Wunused -Wwrite-strings -Wcast-align -Wdeclaration-after-statement -Wempty-body -Wendif-labels -Wfloat-equal -Wignored-qualifiers -Wno-format-nonliteral -Wno-sign-conversion -Wno-system-headers -Wstrict-prototypes -Wtype-limits -Wvla -Wmissing-parameter-type -Wold-style-declaration -Wstrict-aliasing=3 -Wformat=2 -Warray-bounds=2 -ftree-vrp -Wduplicated-cond -Wnull-dereference -fdelete-null-pointer-checks -Wshift-negative-value -Wshift-overflow=2 -Walloc-zero -Wduplicated-branches -Wformat-overflow=2 -Wformat-truncation=1 -Wrestrict -Warith-conversion -Wdouble-promotion -Wenum-conversion -Wunused-const-variable -DHAVE_IOCTLSOCKET_CAMEL  -DHAVE_INTTYPES_H -DHAVE_SYS_IOCTL_H -DHAVE_SYS_PARAM_H -DHAVE_SYS_POLL_H -DHAVE_SYS_RESOURCE_H -DHAVE_SYS_SELECT_H -DHAVE_SYS_SOCKET_H -DHAVE_SYS_STAT_H -DHAVE_SYS_TIME_H -DHAVE_SYS_TYPES_H -DHAVE_SYS_UN_H -DHAVE_SYS_XATTR_H -DHAVE_ARPA_INET_H -DHAVE_ARPA_TFTP_H -DHAVE_FCNTL_H -DHAVE_IFADDRS_H -DHAVE_LIBGEN_H -DHAVE_LOCALE_H -DHAVE_NET_IF_H -DHAVE_NETDB_H -DHAVE_NETINET_IN_H -DHAVE_NETINET_TCP_H -DHAVE_POLL_H -DHAVE_PWD_H -DHAVE_SETJMP_H -DHAVE_SIGNAL_H -DHAVE_STDATOMIC_H -DHAVE_STDBOOL_H -DHAVE_STDINT_H -DHAVE_STDLIB_H -DHAVE_STRING_H -DHAVE_STRINGS_H -DHAVE_TERMIO_H -DHAVE_TERMIOS_H -DHAVE_TIME_H -DHAVE_UNISTD_H -DHAVE_UTIME_H -DHAVE_STDDEF_H -DHAVE_SYS_UTSNAME_H CMakeFiles/cmTC_3bfa1.dir/CurlTests.c.o -o cmTC_3bfa1  /usr/lib/x86_64-linux-gnu/libssl.so /usr/lib/x86_64-linux-gnu/libcrypto.so 
/usr/bin/ld: CMakeFiles/cmTC_3bfa1.dir/CurlTests.c.o: in function `main':
CurlTests.c:(.text+0x1d): undefined reference to `IoctlSocket'
collect2: error: ld returned 1 exit status
gmake[1]: *** [CMakeFiles/cmTC_3bfa1.dir/build.make:101: cmTC_3bfa1] Error 1
gmake[1]: Leaving directory '/home/ubuntu/ProjectMetier/third_party/curl-8.1.2/CMakeFiles/CMakeTmp'
gmake: *** [Makefile:127: cmTC_3bfa1/fast] Error 2


Performing Curl Test HAVE_IOCTLSOCKET_CAMEL_FIONBIO failed with the following output:
Change Dir: /home/ubuntu/ProjectMetier/third_party/curl-8.1.2/CMakeFiles/CMakeTmp

Run Build Command(s):/usr/bin/gmake -f Makefile cmTC_0f8dd/fast && /usr/bin/gmake  -f CMakeFiles/cmTC_0f8dd.dir/build.make CMakeFiles/cmTC_0f8dd.dir/build
gmake[1]: Entering directory '/home/ubuntu/ProjectMetier/third_party/curl-8.1.2/CMakeFiles/CMakeTmp'
Building C object CMakeFiles/cmTC_0f8dd.dir/CurlTests.c.o
/usr/bin/cc   -W -Wall -pedantic -Wbad-function-cast -Wconversion -Winline -Wmissing-declarations -Wmissing-prototypes -Wnested-externs -Wno-long-long -Wno-multichar -Wpointer-arith -Wshadow -Wsign-compare -Wundef -Wunused -Wwrite-strings -Wcast-align -Wdeclaration-after-statement -Wempty-body -Wendif-labels -Wfloat-equal -Wignored-qualifiers -Wno-format-nonliteral -Wno-sign-conversion -Wno-system-headers -Wstrict-prototypes -Wtype-limits -Wvla -Wmissing-parameter-type -Wold-style-declaration -Wstrict-aliasing=3 -Wformat=2 -Warray-bounds=2 -ftree-vrp -Wduplicated-cond -Wnull-dereference -fdelete-null-pointer-checks -Wshift-negative-value -Wshift-overflow=2 -Walloc-zero -Wduplicated-branches -Wformat-overflow=2 -Wformat-truncation=1 -Wrestrict -Warith-conversion -Wdouble-promotion -Wenum-conversion -Wunused-const-variable -DHAVE_IOCTLSOCKET_CAMEL_FIONBIO  -DHAVE_INTTYPES_H -DHAVE_SYS_IOCTL_H -DHAVE_SYS_PARAM_H -DHAVE_SYS_POLL_H -DHAVE_SYS_RESOURCE_H -DHAVE_SYS_SELECT_H -DHAVE_SYS_SOCKET_H -DHAVE_SYS_STAT_H -DHAVE_SYS_TIME_H -DHAVE_SYS_TYPES_H -DHAVE_SYS_UN_H -DHAVE_SYS_XATTR_H -DHAVE_ARPA_INET_H -DHAVE_ARPA_TFTP_H -DHAVE_FCNTL_H -DHAVE_IFADDRS_H -DHAVE_LIBGEN_H -DHAVE_LOCALE_H -DHAVE_NET_IF_H -DHAVE_NETDB_H -DHAVE_NETINET_IN_H -DHAVE_NETINET_TCP_H -DHAVE_POLL_H -DHAVE_PWD_H -DHAVE_SETJMP_H -DHAVE_SIGNAL_H -DHAVE_STDATOMIC_H -DHAVE_STDBOOL_H -DHAVE_STDINT_H -DHAVE_STDLIB_H -DHAVE_STRING_H -DHAVE_STRINGS_H -DHAVE_TERMIO_H -DHAVE_TERMIOS_H -DHAVE_TIME_H -DHAVE_UNISTD_H -DHAVE_UTIME_H -DHAVE_STDDEF_H -DHAVE_SYS_UTSNAME_H -o CMakeFiles/cmTC_0f8dd.dir/CurlTests.c.o -c /home/ubuntu/ProjectMetier/third_party/curl-8.1.2/CMake/CurlTests.c
/home/ubuntu/ProjectMetier/third_party/curl-8.1.2/CMake/CurlTests.c:264:1: warning: function declaration isn’t a prototype [-Wstrict-prototypes]
  264 | main ()
      | ^~~~
/home/ubuntu/ProjectMetier/third_party/curl-8.1.2/CMake/CurlTests.c: In function ‘main’:
/home/ubuntu/ProjectMetier/third_party/curl-8.1.2/CMake/CurlTests.c:269:17: warning: implicit declaration of function ‘IoctlSocket’ [-Wimplicit-function-declaration]
  269 |         if(0 != IoctlSocket(0, FIONBIO, &flags))
      |                 ^~~~~~~~~~~
/home/ubuntu/ProjectMetier/third_party/curl-8.1.2/CMake/CurlTests.c:269:17: warning: nested extern declaration of ‘IoctlSocket’ [-Wnested-externs]
/home/ubuntu/ProjectMetier/third_party/curl-8.1.2/CMake/CurlTests.c:269:32: error: ‘FIONBIO’ undeclared (first use in this function)
  269 |         if(0 != IoctlSocket(0, FIONBIO, &flags))
      |                                ^~~~~~~
/home/ubuntu/ProjectMetier/third_party/curl-8.1.2/CMake/CurlTests.c:269:32: note: each undeclared identifier is reported only once for each function it appears in
gmake[1]: *** [CMakeFiles/cmTC_0f8dd.dir/build.make:78: CMakeFiles/cmTC_0f8dd.dir/CurlTests.c.o] Error 1
gmake[1]: Leaving directory '/home/ubuntu/ProjectMetier/third_party/curl-8.1.2/CMakeFiles/CMakeTmp'
gmake: *** [Makefile:127: cmTC_0f8dd/fast] Error 2


Performing Curl Test HAVE_IOCTLSOCKET_FIONBIO failed with the following output:
Change Dir: /home/ubuntu/ProjectMetier/third_party/curl-8.1.2/CMakeFiles/CMakeTmp

Run Build Command(s):/usr/bin/gmake -f Makefile cmTC_5a712/fast && /usr/bin/gmake  -f CMakeFiles/cmTC_5a712.dir/build.make CMakeFiles/cmTC_5a712.dir/build
gmake[1]: Entering directory '/home/ubuntu/ProjectMetier/third_party/curl-8.1.2/CMakeFiles/CMakeTmp'
Building C object CMakeFiles/cmTC_5a712.dir/CurlTests.c.o
/usr/bin/cc   -W -Wall -pedantic -Wbad-function-cast -Wconversion -Winline -Wmissing-declarations -Wmissing-prototypes -Wnested-externs -Wno-long-long -Wno-multichar -Wpointer-arith -Wshadow -Wsign-compare -Wundef -Wunused -Wwrite-strings -Wcast-align -Wdeclaration-after-statement -Wempty-body -Wendif-labels -Wfloat-equal -Wignored-qualifiers -Wno-format-nonliteral -Wno-sign-conversion -Wno-system-headers -Wstrict-prototypes -Wtype-limits -Wvla -Wmissing-parameter-type -Wold-style-declaration -Wstrict-aliasing=3 -Wformat=2 -Warray-bounds=2 -ftree-vrp -Wduplicated-cond -Wnull-dereference -fdelete-null-pointer-checks -Wshift-negative-value -Wshift-overflow=2 -Walloc-zero -Wduplicated-branches -Wformat-overflow=2 -Wformat-truncation=1 -Wrestrict -Warith-conversion -Wdouble-promotion -Wenum-conversion -Wunused-const-variable -DHAVE_IOCTLSOCKET_FIONBIO  -DHAVE_INTTYPES_H -DHAVE_SYS_IOCTL_H -DHAVE_SYS_PARAM_H -DHAVE_SYS_POLL_H -DHAVE_SYS_RESOURCE_H -DHAVE_SYS_SELECT_H -DHAVE_SYS_SOCKET_H -DHAVE_SYS_STAT_H -DHAVE_SYS_TIME_H -DHAVE_SYS_TYPES_H -DHAVE_SYS_UN_H -DHAVE_SYS_XATTR_H -DHAVE_ARPA_INET_H -DHAVE_ARPA_TFTP_H -DHAVE_FCNTL_H -DHAVE_IFADDRS_H -DHAVE_LIBGEN_H -DHAVE_LOCALE_H -DHAVE_NET_IF_H -DHAVE_NETDB_H -DHAVE_NETINET_IN_H -DHAVE_NETINET_TCP_H -DHAVE_POLL_H -DHAVE_PWD_H -DHAVE_SETJMP_H -DHAVE_SIGNAL_H -DHAVE_STDATOMIC_H -DHAVE_STDBOOL_H -DHAVE_STDINT_H -DHAVE_STDLIB_H -DHAVE_STRING_H -DHAVE_STRINGS_H -DHAVE_TERMIO_H -DHAVE_TERMIOS_H -DHAVE_TIME_H -DHAVE_UNISTD_H -DHAVE_UTIME_H -DHAVE_STDDEF_H -DHAVE_SYS_UTSNAME_H -o CMakeFiles/cmTC_5a712.dir/CurlTests.c.o -c /home/ubuntu/ProjectMetier/third_party/curl-8.1.2/CMake/CurlTests.c
/home/ubuntu/ProjectMetier/third_party/curl-8.1.2/CMake/CurlTests.c:288:1: warning: function declaration isn’t a prototype [-Wstrict-prototypes]
  288 | main ()
      | ^~~~
/home/ubuntu/ProjectMetier/third_party/curl-8.1.2/CMake/CurlTests.c: In function ‘main’:
/home/ubuntu/ProjectMetier/third_party/curl-8.1.2/CMake/CurlTests.c:292:17: warning: implicit declaration of function ‘ioctlsocket’ [-Wimplicit-function-declaration]
  292 |         if(0 != ioctlsocket(0, FIONBIO, &flags))
      |                 ^~~~~~~~~~~
/home/ubuntu/ProjectMetier/third_party/curl-8.1.2/CMake/CurlTests.c:292:17: warning: nested extern declaration of ‘ioctlsocket’ [-Wnested-externs]
/home/ubuntu/ProjectMetier/third_party/curl-8.1.2/CMake/CurlTests.c:292:32: error: ‘FIONBIO’ undeclared (first use in this function)
  292 |         if(0 != ioctlsocket(0, FIONBIO, &flags))
      |                                ^~~~~~~
/home/ubuntu/ProjectMetier/third_party/curl-8.1.2/CMake/CurlTests.c:292:32: note: each undeclared identifier is reported only once for each function it appears in
gmake[1]: *** [CMakeFiles/cmTC_5a712.dir/build.make:78: CMakeFiles/cmTC_5a712.dir/CurlTests.c.o] Error 1
gmake[1]: Leaving directory '/home/ubuntu/ProjectMetier/third_party/curl-8.1.2/CMakeFiles/CMakeTmp'
gmake: *** [Makefile:127: cmTC_5a712/fast] Error 2


Performing Curl Test HAVE_SETSOCKOPT_SO_NONBLOCK failed with the following output:
Change Dir: /home/ubuntu/ProjectMetier/third_party/curl-8.1.2/CMakeFiles/CMakeTmp

Run Build Command(s):/usr/bin/gmake -f Makefile cmTC_86757/fast && /usr/bin/gmake  -f CMakeFiles/cmTC_86757.dir/build.make CMakeFiles/cmTC_86757.dir/build
gmake[1]: Entering directory '/home/ubuntu/ProjectMetier/third_party/curl-8.1.2/CMakeFiles/CMakeTmp'
Building C object CMakeFiles/cmTC_86757.dir/CurlTests.c.o
/usr/bin/cc   -W -Wall -pedantic -Wbad-function-cast -Wconversion -Winline -Wmissing-declarations -Wmissing-prototypes -Wnested-externs -Wno-long-long -Wno-multichar -Wpointer-arith -Wshadow -Wsign-compare -Wundef -Wunused -Wwrite-strings -Wcast-align -Wdeclaration-after-statement -Wempty-body -Wendif-labels -Wfloat-equal -Wignored-qualifiers -Wno-format-nonliteral -Wno-sign-conversion -Wno-system-headers -Wstrict-prototypes -Wtype-limits -Wvla -Wmissing-parameter-type -Wold-style-declaration -Wstrict-aliasing=3 -Wformat=2 -Warray-bounds=2 -ftree-vrp -Wduplicated-cond -Wnull-dereference -fdelete-null-pointer-checks -Wshift-negative-value -Wshift-overflow=2 -Walloc-zero -Wduplicated-branches -Wformat-overflow=2 -Wformat-truncation=1 -Wrestrict -Warith-conversion -Wdouble-promotion -Wenum-conversion -Wunused-const-variable -DHAVE_SETSOCKOPT_SO_NONBLOCK  -DHAVE_INTTYPES_H -DHAVE_SYS_IOCTL_H -DHAVE_SYS_PARAM_H -DHAVE_SYS_POLL_H -DHAVE_SYS_RESOURCE_H -DHAVE_SYS_SELECT_H -DHAVE_SYS_SOCKET_H -DHAVE_SYS_STAT_H -DHAVE_SYS_TIME_H -DHAVE_SYS_TYPES_H -DHAVE_SYS_UN_H -DHAVE_SYS_XATTR_H -DHAVE_ARPA_INET_H -DHAVE_ARPA_TFTP_H -DHAVE_FCNTL_H -DHAVE_IFADDRS_H -DHAVE_LIBGEN_H -DHAVE_LOCALE_H -DHAVE_NET_IF_H -DHAVE_NETDB_H -DHAVE_NETINET_IN_H -DHAVE_NETINET_TCP_H -DHAVE_POLL_H -DHAVE_PWD_H -DHAVE_SETJMP_H -DHAVE_SIGNAL_H -DHAVE_STDATOMIC_H -DHAVE_STDBOOL_H -DHAVE_STDINT_H -DHAVE_STDLIB_H -DHAVE_STRING_H -DHAVE_STRINGS_H -DHAVE_TERMIO_H -DHAVE_TERMIOS_H -DHAVE_TIME_H -DHAVE_UNISTD_H -DHAVE_UTIME_H -DHAVE_STDDEF_H -DHAVE_SYS_UTSNAME_H -o CMakeFiles/cmTC_86757.dir/CurlTests.c.o -c /home/ubuntu/ProjectMetier/third_party/curl-8.1.2/CMake/CurlTests.c
/home/ubuntu/ProjectMetier/third_party/curl-8.1.2/CMake/CurlTests.c:382:1: warning: function declaration isn’t a prototype [-Wstrict-prototypes]
  382 | main ()
      | ^~~~
/home/ubuntu/ProjectMetier/third_party/curl-8.1.2/CMake/CurlTests.c: In function ‘main’:
/home/ubuntu/ProjectMetier/third_party/curl-8.1.2/CMake/CurlTests.c:384:43: error: ‘SO_NONBLOCK’ undeclared (first use in this function); did you mean ‘SOCK_NONBLOCK’?
  384 |         if(0 != setsockopt(0, SOL_SOCKET, SO_NONBLOCK, 0, 0))
      |                                           ^~~~~~~~~~~
      |                                           SOCK_NONBLOCK
/home/ubuntu/ProjectMetier/third_party/curl-8.1.2/CMake/CurlTests.c:384:43: note: each undeclared identifier is reported only once for each function it appears in
gmake[1]: *** [CMakeFiles/cmTC_86757.dir/build.make:78: CMakeFiles/cmTC_86757.dir/CurlTests.c.o] Error 1
gmake[1]: Leaving directory '/home/ubuntu/ProjectMetier/third_party/curl-8.1.2/CMakeFiles/CMakeTmp'
gmake: *** [Makefile:127: cmTC_86757/fast] Error 2


Performing Curl Test HAVE_O_NONBLOCK failed with the following output:
Change Dir: /home/ubuntu/ProjectMetier/third_party/curl-8.1.2/CMakeFiles/CMakeTmp

Run Build Command(s):/usr/bin/gmake -f Makefile cmTC_ecd0e/fast && /usr/bin/gmake  -f CMakeFiles/cmTC_ecd0e.dir/build.make CMakeFiles/cmTC_ecd0e.dir/build
gmake[1]: Entering directory '/home/ubuntu/ProjectMetier/third_party/curl-8.1.2/CMakeFiles/CMakeTmp'
Building C object CMakeFiles/cmTC_ecd0e.dir/CurlTests.c.o
/usr/bin/cc   -W -Wall -pedantic -Wbad-function-cast -Wconversion -Winline -Wmissing-declarations -Wmissing-prototypes -Wnested-externs -Wno-long-long -Wno-multichar -Wpointer-arith -Wshadow -Wsign-compare -Wundef -Wunused -Wwrite-strings -Wcast-align -Wdeclaration-after-statement -Wempty-body -Wendif-labels -Wfloat-equal -Wignored-qualifiers -Wno-format-nonliteral -Wno-sign-conversion -Wno-system-headers -Wstrict-prototypes -Wtype-limits -Wvla -Wmissing-parameter-type -Wold-style-declaration -Wstrict-aliasing=3 -Wformat=2 -Warray-bounds=2 -ftree-vrp -Wduplicated-cond -Wnull-dereference -fdelete-null-pointer-checks -Wshift-negative-value -Wshift-overflow=2 -Walloc-zero -Wduplicated-branches -Wformat-overflow=2 -Wformat-truncation=1 -Wrestrict -Warith-conversion -Wdouble-promotion -Wenum-conversion -Wunused-const-variable -DHAVE_O_NONBLOCK  -DHAVE_INTTYPES_H -DHAVE_SYS_IOCTL_H -DHAVE_SYS_PARAM_H -DHAVE_SYS_POLL_H -DHAVE_SYS_RESOURCE_H -DHAVE_SYS_SELECT_H -DHAVE_SYS_SOCKET_H -DHAVE_SYS_STAT_H -DHAVE_SYS_TIME_H -DHAVE_SYS_TYPES_H -DHAVE_SYS_UN_H -DHAVE_SYS_XATTR_H -DHAVE_ARPA_INET_H -DHAVE_ARPA_TFTP_H -DHAVE_FCNTL_H -DHAVE_IFADDRS_H -DHAVE_LIBGEN_H -DHAVE_LOCALE_H -DHAVE_NET_IF_H -DHAVE_NETDB_H -DHAVE_NETINET_IN_H -DHAVE_NETINET_TCP_H -DHAVE_POLL_H -DHAVE_PWD_H -DHAVE_SETJMP_H -DHAVE_SIGNAL_H -DHAVE_STDATOMIC_H -DHAVE_STDBOOL_H -DHAVE_STDINT_H -DHAVE_STDLIB_H -DHAVE_STRING_H -DHAVE_STRINGS_H -DHAVE_TERMIO_H -DHAVE_TERMIOS_H -DHAVE_TIME_H -DHAVE_UNISTD_H -DHAVE_UTIME_H -DHAVE_STDDEF_H -DHAVE_SYS_UTSNAME_H -o CMakeFiles/cmTC_ecd0e.dir/CurlTests.c.o -c /home/ubuntu/ProjectMetier/third_party/curl-8.1.2/CMake/CurlTests.c
/home/ubuntu/ProjectMetier/third_party/curl-8.1.2/CMake/CurlTests.c:533: warning: ISO C forbids an empty translation unit [-Wpedantic]
Linking C executable cmTC_ecd0e
/usr/bin/cmake -E cmake_link_script CMakeFiles/cmTC_ecd0e.dir/link.txt --verbose=1
/usr/bin/cc   -W -Wall -pedantic -Wbad-function-cast -Wconversion -Winline -Wmissing-declarations -Wmissing-prototypes -Wnested-externs -Wno-long-long -Wno-multichar -Wpointer-arith -Wshadow -Wsign-compare -Wundef -Wunused -Wwrite-strings -Wcast-align -Wdeclaration-after-statement -Wempty-body -Wendif-labels -Wfloat-equal -Wignored-qualifiers -Wno-format-nonliteral -Wno-sign-conversion -Wno-system-headers -Wstrict-prototypes -Wtype-limits -Wvla -Wmissing-parameter-type -Wold-style-declaration -Wstrict-aliasing=3 -Wformat=2 -Warray-bounds=2 -ftree-vrp -Wduplicated-cond -Wnull-dereference -fdelete-null-pointer-checks -Wshift-negative-value -Wshift-overflow=2 -Walloc-zero -Wduplicated-branches -Wformat-overflow=2 -Wformat-truncation=1 -Wrestrict -Warith-conversion -Wdouble-promotion -Wenum-conversion -Wunused-const-variable -DHAVE_O_NONBLOCK  -DHAVE_INTTYPES_H -DHAVE_SYS_IOCTL_H -DHAVE_SYS_PARAM_H -DHAVE_SYS_POLL_H -DHAVE_SYS_RESOURCE_H -DHAVE_SYS_SELECT_H -DHAVE_SYS_SOCKET_H -DHAVE_SYS_STAT_H -DHAVE_SYS_TIME_H -DHAVE_SYS_TYPES_H -DHAVE_SYS_UN_H -DHAVE_SYS_XATTR_H -DHAVE_ARPA_INET_H -DHAVE_ARPA_TFTP_H -DHAVE_FCNTL_H -DHAVE_IFADDRS_H -DHAVE_LIBGEN_H -DHAVE_LOCALE_H -DHAVE_NET_IF_H -DHAVE_NETDB_H -DHAVE_NETINET_IN_H -DHAVE_NETINET_TCP_H -DHAVE_POLL_H -DHAVE_PWD_H -DHAVE_SETJMP_H -DHAVE_SIGNAL_H -DHAVE_STDATOMIC_H -DHAVE_STDBOOL_H -DHAVE_STDINT_H -DHAVE_STDLIB_H -DHAVE_STRING_H -DHAVE_STRINGS_H -DHAVE_TERMIO_H -DHAVE_TERMIOS_H -DHAVE_TIME_H -DHAVE_UNISTD_H -DHAVE_UTIME_H -DHAVE_STDDEF_H -DHAVE_SYS_UTSNAME_H CMakeFiles/cmTC_ecd0e.dir/CurlTests.c.o -o cmTC_ecd0e  /usr/lib/x86_64-linux-gnu/libssl.so /usr/lib/x86_64-linux-gnu/libcrypto.so 
/usr/bin/ld: /usr/lib/gcc/x86_64-linux-gnu/11/../../../x86_64-linux-gnu/Scrt1.o: in function `_start':
(.text+0x1b): undefined reference to `main'
collect2: error: ld returned 1 exit status
gmake[1]: *** [CMakeFiles/cmTC_ecd0e.dir/build.make:101: cmTC_ecd0e] Error 1
gmake[1]: Leaving directory '/home/ubuntu/ProjectMetier/third_party/curl-8.1.2/CMakeFiles/CMakeTmp'
gmake: *** [Makefile:127: cmTC_ecd0e/fast] Error 2


Performing Curl Test HAVE_GETHOSTBYNAME_R_3 failed with the following output:
Change Dir: /home/ubuntu/ProjectMetier/third_party/curl-8.1.2/CMakeFiles/CMakeTmp

Run Build Command(s):/usr/bin/gmake -f Makefile cmTC_0f015/fast && /usr/bin/gmake  -f CMakeFiles/cmTC_0f015.dir/build.make CMakeFiles/cmTC_0f015.dir/build
gmake[1]: Entering directory '/home/ubuntu/ProjectMetier/third_party/curl-8.1.2/CMakeFiles/CMakeTmp'
Building C object CMakeFiles/cmTC_0f015.dir/CurlTests.c.o
/usr/bin/cc   -W -Wall -pedantic -Wbad-function-cast -Wconversion -Winline -Wmissing-declarations -Wmissing-prototypes -Wnested-externs -Wno-long-long -Wno-multichar -Wpointer-arith -Wshadow -Wsign-compare -Wundef -Wunused -Wwrite-strings -Wcast-align -Wdeclaration-after-statement -Wempty-body -Wendif-labels -Wfloat-equal -Wignored-qualifiers -Wno-format-nonliteral -Wno-sign-conversion -Wno-system-headers -Wstrict-prototypes -Wtype-limits -Wvla -Wmissing-parameter-type -Wold-style-declaration -Wstrict-aliasing=3 -Wformat=2 -Warray-bounds=2 -ftree-vrp -Wduplicated-cond -Wnull-dereference -fdelete-null-pointer-checks -Wshift-negative-value -Wshift-overflow=2 -Walloc-zero -Wduplicated-branches -Wformat-overflow=2 -Wformat-truncation=1 -Wrestrict -Warith-conversion -Wdouble-promotion -Wenum-conversion -Wunused-const-variable -DHAVE_GETHOSTBYNAME_R_3  -DHAVE_INTTYPES_H -DHAVE_SYS_IOCTL_H -DHAVE_SYS_PARAM_H -DHAVE_SYS_POLL_H -DHAVE_SYS_RESOURCE_H -DHAVE_SYS_SELECT_H -DHAVE_SYS_SOCKET_H -DHAVE_SYS_STAT_H -DHAVE_SYS_TIME_H -DHAVE_SYS_TYPES_H -DHAVE_SYS_UN_H -DHAVE_SYS_XATTR_H -DHAVE_ARPA_INET_H -DHAVE_ARPA_TFTP_H -DHAVE_FCNTL_H -DHAVE_IFADDRS_H -DHAVE_LIBGEN_H -DHAVE_LOCALE_H -DHAVE_NET_IF_H -DHAVE_NETDB_H -DHAVE_NETINET_IN_H -DHAVE_NETINET_TCP_H -DHAVE_POLL_H -DHAVE_PWD_H -DHAVE_SETJMP_H -DHAVE_SIGNAL_H -DHAVE_STDATOMIC_H -DHAVE_STDBOOL_H -DHAVE_STDINT_H -DHAVE_STDLIB_H -DHAVE_STRING_H -DHAVE_STRINGS_H -DHAVE_TERMIO_H -DHAVE_TERMIOS_H -DHAVE_TIME_H -DHAVE_UNISTD_H -DHAVE_UTIME_H -DHAVE_STDDEF_H -DHAVE_SYS_UTSNAME_H -o CMakeFiles/cmTC_0f015.dir/CurlTests.c.o -c /home/ubuntu/ProjectMetier/third_party/curl-8.1.2/CMake/CurlTests.c
/home/ubuntu/ProjectMetier/third_party/curl-8.1.2/CMake/CurlTests.c: In function ‘main’:
/home/ubuntu/ProjectMetier/third_party/curl-8.1.2/CMake/CurlTests.c:92:19: warning: initialization discards ‘const’ qualifier from pointer target type [-Wdiscarded-qualifiers]
   92 |   char *address = "example.com";
      |                   ^~~~~~~~~~~~~
/home/ubuntu/ProjectMetier/third_party/curl-8.1.2/CMake/CurlTests.c:99:23: error: storage size of ‘hdata’ isn’t known
   99 |   struct hostent_data hdata;
      |                       ^~~~~
/home/ubuntu/ProjectMetier/third_party/curl-8.1.2/CMake/CurlTests.c:111:8: error: too few arguments to function ‘gethostbyname_r’
  111 |   rc = gethostbyname_r(address, &h, &hdata);
      |        ^~~~~~~~~~~~~~~
In file included from /home/ubuntu/ProjectMetier/third_party/curl-8.1.2/CMake/CurlTests.c:89:
/usr/include/netdb.h:177:12: note: declared here
  177 | extern int gethostbyname_r (const char *__restrict __name,
      |            ^~~~~~~~~~~~~~~
/home/ubuntu/ProjectMetier/third_party/curl-8.1.2/CMake/CurlTests.c:99:23: warning: unused variable ‘hdata’ [-Wunused-variable]
   99 |   struct hostent_data hdata;
      |                       ^~~~~
gmake[1]: *** [CMakeFiles/cmTC_0f015.dir/build.make:78: CMakeFiles/cmTC_0f015.dir/CurlTests.c.o] Error 1
gmake[1]: Leaving directory '/home/ubuntu/ProjectMetier/third_party/curl-8.1.2/CMakeFiles/CMakeTmp'
gmake: *** [Makefile:127: cmTC_0f015/fast] Error 2


Performing Curl Test HAVE_GETHOSTBYNAME_R_5 failed with the following output:
Change Dir: /home/ubuntu/ProjectMetier/third_party/curl-8.1.2/CMakeFiles/CMakeTmp

Run Build Command(s):/usr/bin/gmake -f Makefile cmTC_e905c/fast && /usr/bin/gmake  -f CMakeFiles/cmTC_e905c.dir/build.make CMakeFiles/cmTC_e905c.dir/build
gmake[1]: Entering directory '/home/ubuntu/ProjectMetier/third_party/curl-8.1.2/CMakeFiles/CMakeTmp'
Building C object CMakeFiles/cmTC_e905c.dir/CurlTests.c.o
/usr/bin/cc   -W -Wall -pedantic -Wbad-function-cast -Wconversion -Winline -Wmissing-declarations -Wmissing-prototypes -Wnested-externs -Wno-long-long -Wno-multichar -Wpointer-arith -Wshadow -Wsign-compare -Wundef -Wunused -Wwrite-strings -Wcast-align -Wdeclaration-after-statement -Wempty-body -Wendif-labels -Wfloat-equal -Wignored-qualifiers -Wno-format-nonliteral -Wno-sign-conversion -Wno-system-headers -Wstrict-prototypes -Wtype-limits -Wvla -Wmissing-parameter-type -Wold-style-declaration -Wstrict-aliasing=3 -Wformat=2 -Warray-bounds=2 -ftree-vrp -Wduplicated-cond -Wnull-dereference -fdelete-null-pointer-checks -Wshift-negative-value -Wshift-overflow=2 -Walloc-zero -Wduplicated-branches -Wformat-overflow=2 -Wformat-truncation=1 -Wrestrict -Warith-conversion -Wdouble-promotion -Wenum-conversion -Wunused-const-variable -DHAVE_GETHOSTBYNAME_R_5  -DHAVE_INTTYPES_H -DHAVE_SYS_IOCTL_H -DHAVE_SYS_PARAM_H -DHAVE_SYS_POLL_H -DHAVE_SYS_RESOURCE_H -DHAVE_SYS_SELECT_H -DHAVE_SYS_SOCKET_H -DHAVE_SYS_STAT_H -DHAVE_SYS_TIME_H -DHAVE_SYS_TYPES_H -DHAVE_SYS_UN_H -DHAVE_SYS_XATTR_H -DHAVE_ARPA_INET_H -DHAVE_ARPA_TFTP_H -DHAVE_FCNTL_H -DHAVE_IFADDRS_H -DHAVE_LIBGEN_H -DHAVE_LOCALE_H -DHAVE_NET_IF_H -DHAVE_NETDB_H -DHAVE_NETINET_IN_H -DHAVE_NETINET_TCP_H -DHAVE_POLL_H -DHAVE_PWD_H -DHAVE_SETJMP_H -DHAVE_SIGNAL_H -DHAVE_STDATOMIC_H -DHAVE_STDBOOL_H -DHAVE_STDINT_H -DHAVE_STDLIB_H -DHAVE_STRING_H -DHAVE_STRINGS_H -DHAVE_TERMIO_H -DHAVE_TERMIOS_H -DHAVE_TIME_H -DHAVE_UNISTD_H -DHAVE_UTIME_H -DHAVE_STDDEF_H -DHAVE_SYS_UTSNAME_H -o CMakeFiles/cmTC_e905c.dir/CurlTests.c.o -c /home/ubuntu/ProjectMetier/third_party/curl-8.1.2/CMake/CurlTests.c
/home/ubuntu/ProjectMetier/third_party/curl-8.1.2/CMake/CurlTests.c: In function ‘main’:
/home/ubuntu/ProjectMetier/third_party/curl-8.1.2/CMake/CurlTests.c:92:19: warning: initialization discards ‘const’ qualifier from pointer target type [-Wdiscarded-qualifiers]
   92 |   char *address = "example.com";
      |                   ^~~~~~~~~~~~~
/home/ubuntu/ProjectMetier/third_party/curl-8.1.2/CMake/CurlTests.c:114:51: warning: passing argument 5 of ‘gethostbyname_r’ from incompatible pointer type [-Wincompatible-pointer-types]
  114 |   rc = gethostbyname_r(address, &h, buffer, 8192, &h_errnop);
      |                                                   ^~~~~~~~~
      |                                                   |
      |                                                   int *
In file included from /home/ubuntu/ProjectMetier/third_party/curl-8.1.2/CMake/CurlTests.c:89:
/usr/include/netdb.h:180:57: note: expected ‘struct hostent ** restrict’ but argument is of type ‘int *’
  180 |                             struct hostent **__restrict __result,
      |                             ~~~~~~~~~~~~~~~~~~~~~~~~~~~~^~~~~~~~
/home/ubuntu/ProjectMetier/third_party/curl-8.1.2/CMake/CurlTests.c:114:8: error: too few arguments to function ‘gethostbyname_r’
  114 |   rc = gethostbyname_r(address, &h, buffer, 8192, &h_errnop);
      |        ^~~~~~~~~~~~~~~
In file included from /home/ubuntu/ProjectMetier/third_party/curl-8.1.2/CMake/CurlTests.c:89:
/usr/include/netdb.h:177:12: note: declared here
  177 | extern int gethostbyname_r (const char *__restrict __name,
      |            ^~~~~~~~~~~~~~~
gmake[1]: *** [CMakeFiles/cmTC_e905c.dir/build.make:78: CMakeFiles/cmTC_e905c.dir/CurlTests.c.o] Error 1
gmake[1]: Leaving directory '/home/ubuntu/ProjectMetier/third_party/curl-8.1.2/CMakeFiles/CMakeTmp'
gmake: *** [Makefile:127: cmTC_e905c/fast] Error 2


Performing Curl Test HAVE_GETHOSTBYNAME_R_3_REENTRANT failed with the following output:
Change Dir: /home/ubuntu/ProjectMetier/third_party/curl-8.1.2/CMakeFiles/CMakeTmp

Run Build Command(s):/usr/bin/gmake -f Makefile cmTC_d4175/fast && /usr/bin/gmake  -f CMakeFiles/cmTC_d4175.dir/build.make CMakeFiles/cmTC_d4175.dir/build
gmake[1]: Entering directory '/home/ubuntu/ProjectMetier/third_party/curl-8.1.2/CMakeFiles/CMakeTmp'
Building C object CMakeFiles/cmTC_d4175.dir/CurlTests.c.o
/usr/bin/cc   -W -Wall -pedantic -Wbad-function-cast -Wconversion -Winline -Wmissing-declarations -Wmissing-prototypes -Wnested-externs -Wno-long-long -Wno-multichar -Wpointer-arith -Wshadow -Wsign-compare -Wundef -Wunused -Wwrite-strings -Wcast-align -Wdeclaration-after-statement -Wempty-body -Wendif-labels -Wfloat-equal -Wignored-qualifiers -Wno-format-nonliteral -Wno-sign-conversion -Wno-system-headers -Wstrict-prototypes -Wtype-limits -Wvla -Wmissing-parameter-type -Wold-style-declaration -Wstrict-aliasing=3 -Wformat=2 -Warray-bounds=2 -ftree-vrp -Wduplicated-cond -Wnull-dereference -fdelete-null-pointer-checks -Wshift-negative-value -Wshift-overflow=2 -Walloc-zero -Wduplicated-branches -Wformat-overflow=2 -Wformat-truncation=1 -Wrestrict -Warith-conversion -Wdouble-promotion -Wenum-conversion -Wunused-const-variable -DHAVE_GETHOSTBYNAME_R_3_REENTRANT  -DHAVE_INTTYPES_H -DHAVE_SYS_IOCTL_H -DHAVE_SYS_PARAM_H -DHAVE_SYS_POLL_H -DHAVE_SYS_RESOURCE_H -DHAVE_SYS_SELECT_H -DHAVE_SYS_SOCKET_H -DHAVE_SYS_STAT_H -DHAVE_SYS_TIME_H -DHAVE_SYS_TYPES_H -DHAVE_SYS_UN_H -DHAVE_SYS_XATTR_H -DHAVE_ARPA_INET_H -DHAVE_ARPA_TFTP_H -DHAVE_FCNTL_H -DHAVE_IFADDRS_H -DHAVE_LIBGEN_H -DHAVE_LOCALE_H -DHAVE_NET_IF_H -DHAVE_NETDB_H -DHAVE_NETINET_IN_H -DHAVE_NETINET_TCP_H -DHAVE_POLL_H -DHAVE_PWD_H -DHAVE_SETJMP_H -DHAVE_SIGNAL_H -DHAVE_STDATOMIC_H -DHAVE_STDBOOL_H -DHAVE_STDINT_H -DHAVE_STDLIB_H -DHAVE_STRING_H -DHAVE_STRINGS_H -DHAVE_TERMIO_H -DHAVE_TERMIOS_H -DHAVE_TIME_H -DHAVE_UNISTD_H -DHAVE_UTIME_H -DHAVE_STDDEF_H -DHAVE_SYS_UTSNAME_H -o CMakeFiles/cmTC_d4175.dir/CurlTests.c.o -c /home/ubuntu/ProjectMetier/third_party/curl-8.1.2/CMake/CurlTests.c
/home/ubuntu/ProjectMetier/third_party/curl-8.1.2/CMake/CurlTests.c: In function ‘main’:
/home/ubuntu/ProjectMetier/third_party/curl-8.1.2/CMake/CurlTests.c:92:19: warning: initialization discards ‘const’ qualifier from pointer target type [-Wdiscarded-qualifiers]
   92 |   char *address = "example.com";
      |                   ^~~~~~~~~~~~~
/home/ubuntu/ProjectMetier/third_party/curl-8.1.2/CMake/CurlTests.c:99:23: error: storage size of ‘hdata’ isn’t known
   99 |   struct hostent_data hdata;
      |                       ^~~~~
/home/ubuntu/ProjectMetier/third_party/curl-8.1.2/CMake/CurlTests.c:111:8: error: too few arguments to function ‘gethostbyname_r’
  111 |   rc = gethostbyname_r(address, &h, &hdata);
      |        ^~~~~~~~~~~~~~~
In file included from /home/ubuntu/ProjectMetier/third_party/curl-8.1.2/CMake/CurlTests.c:89:
/usr/include/netdb.h:177:12: note: declared here
  177 | extern int gethostbyname_r (const char *__restrict __name,
      |            ^~~~~~~~~~~~~~~
/home/ubuntu/ProjectMetier/third_party/curl-8.1.2/CMake/CurlTests.c:99:23: warning: unused variable ‘hdata’ [-Wunused-variable]
   99 |   struct hostent_data hdata;
      |                       ^~~~~
gmake[1]: *** [CMakeFiles/cmTC_d4175.dir/build.make:78: CMakeFiles/cmTC_d4175.dir/CurlTests.c.o] Error 1
gmake[1]: Leaving directory '/home/ubuntu/ProjectMetier/third_party/curl-8.1.2/CMakeFiles/CMakeTmp'
gmake: *** [Makefile:127: cmTC_d4175/fast] Error 2


Performing Curl Test HAVE_GETHOSTBYNAME_R_5_REENTRANT failed with the following output:
Change Dir: /home/ubuntu/ProjectMetier/third_party/curl-8.1.2/CMakeFiles/CMakeTmp

Run Build Command(s):/usr/bin/gmake -f Makefile cmTC_f4bd5/fast && /usr/bin/gmake  -f CMakeFiles/cmTC_f4bd5.dir/build.make CMakeFiles/cmTC_f4bd5.dir/build
gmake[1]: Entering directory '/home/ubuntu/ProjectMetier/third_party/curl-8.1.2/CMakeFiles/CMakeTmp'
Building C object CMakeFiles/cmTC_f4bd5.dir/CurlTests.c.o
/usr/bin/cc   -W -Wall -pedantic -Wbad-function-cast -Wconversion -Winline -Wmissing-declarations -Wmissing-prototypes -Wnested-externs -Wno-long-long -Wno-multichar -Wpointer-arith -Wshadow -Wsign-compare -Wundef -Wunused -Wwrite-strings -Wcast-align -Wdeclaration-after-statement -Wempty-body -Wendif-labels -Wfloat-equal -Wignored-qualifiers -Wno-format-nonliteral -Wno-sign-conversion -Wno-system-headers -Wstrict-prototypes -Wtype-limits -Wvla -Wmissing-parameter-type -Wold-style-declaration -Wstrict-aliasing=3 -Wformat=2 -Warray-bounds=2 -ftree-vrp -Wduplicated-cond -Wnull-dereference -fdelete-null-pointer-checks -Wshift-negative-value -Wshift-overflow=2 -Walloc-zero -Wduplicated-branches -Wformat-overflow=2 -Wformat-truncation=1 -Wrestrict -Warith-conversion -Wdouble-promotion -Wenum-conversion -Wunused-const-variable -DHAVE_GETHOSTBYNAME_R_5_REENTRANT  -DHAVE_INTTYPES_H -DHAVE_SYS_IOCTL_H -DHAVE_SYS_PARAM_H -DHAVE_SYS_POLL_H -DHAVE_SYS_RESOURCE_H -DHAVE_SYS_SELECT_H -DHAVE_SYS_SOCKET_H -DHAVE_SYS_STAT_H -DHAVE_SYS_TIME_H -DHAVE_SYS_TYPES_H -DHAVE_SYS_UN_H -DHAVE_SYS_XATTR_H -DHAVE_ARPA_INET_H -DHAVE_ARPA_TFTP_H -DHAVE_FCNTL_H -DHAVE_IFADDRS_H -DHAVE_LIBGEN_H -DHAVE_LOCALE_H -DHAVE_NET_IF_H -DHAVE_NETDB_H -DHAVE_NETINET_IN_H -DHAVE_NETINET_TCP_H -DHAVE_POLL_H -DHAVE_PWD_H -DHAVE_SETJMP_H -DHAVE_SIGNAL_H -DHAVE_STDATOMIC_H -DHAVE_STDBOOL_H -DHAVE_STDINT_H -DHAVE_STDLIB_H -DHAVE_STRING_H -DHAVE_STRINGS_H -DHAVE_TERMIO_H -DHAVE_TERMIOS_H -DHAVE_TIME_H -DHAVE_UNISTD_H -DHAVE_UTIME_H -DHAVE_STDDEF_H -DHAVE_SYS_UTSNAME_H -o CMakeFiles/cmTC_f4bd5.dir/CurlTests.c.o -c /home/ubuntu/ProjectMetier/third_party/curl-8.1.2/CMake/CurlTests.c
/home/ubuntu/ProjectMetier/third_party/curl-8.1.2/CMake/CurlTests.c: In function ‘main’:
/home/ubuntu/ProjectMetier/third_party/curl-8.1.2/CMake/CurlTests.c:92:19: warning: initialization discards ‘const’ qualifier from pointer target type [-Wdiscarded-qualifiers]
   92 |   char *address = "example.com";
      |                   ^~~~~~~~~~~~~
/home/ubuntu/ProjectMetier/third_party/curl-8.1.2/CMake/CurlTests.c:114:51: warning: passing argument 5 of ‘gethostbyname_r’ from incompatible pointer type [-Wincompatible-pointer-types]
  114 |   rc = gethostbyname_r(address, &h, buffer, 8192, &h_errnop);
      |                                                   ^~~~~~~~~
      |                                                   |
      |                                                   int *
In file included from /home/ubuntu/ProjectMetier/third_party/curl-8.1.2/CMake/CurlTests.c:89:
/usr/include/netdb.h:180:57: note: expected ‘struct hostent ** restrict’ but argument is of type ‘int *’
  180 |                             struct hostent **__restrict __result,
      |                             ~~~~~~~~~~~~~~~~~~~~~~~~~~~~^~~~~~~~
/home/ubuntu/ProjectMetier/third_party/curl-8.1.2/CMake/CurlTests.c:114:8: error: too few arguments to function ‘gethostbyname_r’
  114 |   rc = gethostbyname_r(address, &h, buffer, 8192, &h_errnop);
      |        ^~~~~~~~~~~~~~~
In file included from /home/ubuntu/ProjectMetier/third_party/curl-8.1.2/CMake/CurlTests.c:89:
/usr/include/netdb.h:177:12: note: declared here
  177 | extern int gethostbyname_r (const char *__restrict __name,
      |            ^~~~~~~~~~~~~~~
gmake[1]: *** [CMakeFiles/cmTC_f4bd5.dir/build.make:78: CMakeFiles/cmTC_f4bd5.dir/CurlTests.c.o] Error 1
gmake[1]: Leaving directory '/home/ubuntu/ProjectMetier/third_party/curl-8.1.2/CMakeFiles/CMakeTmp'
gmake: *** [Makefile:127: cmTC_f4bd5/fast] Error 2


Performing Curl Test HAVE_GLIBC_STRERROR_R failed with the following output:
Change Dir: /home/ubuntu/ProjectMetier/third_party/curl-8.1.2/CMakeFiles/CMakeTmp

Run Build Command(s):/usr/bin/gmake -f Makefile cmTC_e5394/fast && /usr/bin/gmake  -f CMakeFiles/cmTC_e5394.dir/build.make CMakeFiles/cmTC_e5394.dir/build
gmake[1]: Entering directory '/home/ubuntu/ProjectMetier/third_party/curl-8.1.2/CMakeFiles/CMakeTmp'
Building C object CMakeFiles/cmTC_e5394.dir/CurlTests.c.o
/usr/bin/cc   -W -Wall -pedantic -Wbad-function-cast -Wconversion -Winline -Wmissing-declarations -Wmissing-prototypes -Wnested-externs -Wno-long-long -Wno-multichar -Wpointer-arith -Wshadow -Wsign-compare -Wundef -Wunused -Wwrite-strings -Wcast-align -Wdeclaration-after-statement -Wempty-body -Wendif-labels -Wfloat-equal -Wignored-qualifiers -Wno-format-nonliteral -Wno-sign-conversion -Wno-system-headers -Wstrict-prototypes -Wtype-limits -Wvla -Wmissing-parameter-type -Wold-style-declaration -Wstrict-aliasing=3 -Wformat=2 -Warray-bounds=2 -ftree-vrp -Wduplicated-cond -Wnull-dereference -fdelete-null-pointer-checks -Wshift-negative-value -Wshift-overflow=2 -Walloc-zero -Wduplicated-branches -Wformat-overflow=2 -Wformat-truncation=1 -Wrestrict -Warith-conversion -Wdouble-promotion -Wenum-conversion -Wunused-const-variable -DHAVE_GLIBC_STRERROR_R  -DHAVE_INTTYPES_H -DHAVE_SYS_IOCTL_H -DHAVE_SYS_PARAM_H -DHAVE_SYS_POLL_H -DHAVE_SYS_RESOURCE_H -DHAVE_SYS_SELECT_H -DHAVE_SYS_SOCKET_H -DHAVE_SYS_STAT_H -DHAVE_SYS_TIME_H -DHAVE_SYS_TYPES_H -DHAVE_SYS_UN_H -DHAVE_SYS_XATTR_H -DHAVE_ARPA_INET_H -DHAVE_ARPA_TFTP_H -DHAVE_FCNTL_H -DHAVE_IFADDRS_H -DHAVE_LIBGEN_H -DHAVE_LOCALE_H -DHAVE_NET_IF_H -DHAVE_NETDB_H -DHAVE_NETINET_IN_H -DHAVE_NETINET_TCP_H -DHAVE_POLL_H -DHAVE_PWD_H -DHAVE_SETJMP_H -DHAVE_SIGNAL_H -DHAVE_STDATOMIC_H -DHAVE_STDBOOL_H -DHAVE_STDINT_H -DHAVE_STDLIB_H -DHAVE_STRING_H -DHAVE_STRINGS_H -DHAVE_TERMIO_H -DHAVE_TERMIOS_H -DHAVE_TIME_H -DHAVE_UNISTD_H -DHAVE_UTIME_H -DHAVE_STDDEF_H -DHAVE_SYS_UTSNAME_H -o CMakeFiles/cmTC_e5394.dir/CurlTests.c.o -c /home/ubuntu/ProjectMetier/third_party/curl-8.1.2/CMake/CurlTests.c
/home/ubuntu/ProjectMetier/third_party/curl-8.1.2/CMake/CurlTests.c:394:6: warning: no previous prototype for ‘check’ [-Wmissing-prototypes]
  394 | void check(char c) {}
      |      ^~~~~
/home/ubuntu/ProjectMetier/third_party/curl-8.1.2/CMake/CurlTests.c: In function ‘check’:
/home/ubuntu/ProjectMetier/third_party/curl-8.1.2/CMake/CurlTests.c:394:17: warning: unused parameter ‘c’ [-Wunused-parameter]
  394 | void check(char c) {}
      |            ~~~~~^
/home/ubuntu/ProjectMetier/third_party/curl-8.1.2/CMake/CurlTests.c: At top level:
/home/ubuntu/ProjectMetier/third_party/curl-8.1.2/CMake/CurlTests.c:397:1: warning: function declaration isn’t a prototype [-Wstrict-prototypes]
  397 | main () {
      | ^~~~
/home/ubuntu/ProjectMetier/third_party/curl-8.1.2/CMake/CurlTests.c: In function ‘main’:
/home/ubuntu/ProjectMetier/third_party/curl-8.1.2/CMake/CurlTests.c:400:51: error: subscripted value is neither array nor pointer nor vector
  400 |   check(strerror_r(EACCES, buffer, sizeof(buffer))[0]);
      |                                                   ^
gmake[1]: *** [CMakeFiles/cmTC_e5394.dir/build.make:78: CMakeFiles/cmTC_e5394.dir/CurlTests.c.o] Error 1
gmake[1]: Leaving directory '/home/ubuntu/ProjectMetier/third_party/curl-8.1.2/CMakeFiles/CMakeTmp'
gmake: *** [Makefile:127: cmTC_e5394/fast] Error 2


Performing Curl Test HAVE_BUILTIN_AVAILABLE failed with the following output:
Change Dir: /home/ubuntu/ProjectMetier/third_party/curl-8.1.2/CMakeFiles/CMakeTmp

Run Build Command(s):/usr/bin/gmake -f Makefile cmTC_11e1e/fast && /usr/bin/gmake  -f CMakeFiles/cmTC_11e1e.dir/build.make CMakeFiles/cmTC_11e1e.dir/build
gmake[1]: Entering directory '/home/ubuntu/ProjectMetier/third_party/curl-8.1.2/CMakeFiles/CMakeTmp'
Building C object CMakeFiles/cmTC_11e1e.dir/CurlTests.c.o
/usr/bin/cc   -W -Wall -pedantic -Wbad-function-cast -Wconversion -Winline -Wmissing-declarations -Wmissing-prototypes -Wnested-externs -Wno-long-long -Wno-multichar -Wpointer-arith -Wshadow -Wsign-compare -Wundef -Wunused -Wwrite-strings -Wcast-align -Wdeclaration-after-statement -Wempty-body -Wendif-labels -Wfloat-equal -Wignored-qualifiers -Wno-format-nonliteral -Wno-sign-conversion -Wno-system-headers -Wstrict-prototypes -Wtype-limits -Wvla -Wmissing-parameter-type -Wold-style-declaration -Wstrict-aliasing=3 -Wformat=2 -Warray-bounds=2 -ftree-vrp -Wduplicated-cond -Wnull-dereference -fdelete-null-pointer-checks -Wshift-negative-value -Wshift-overflow=2 -Walloc-zero -Wduplicated-branches -Wformat-overflow=2 -Wformat-truncation=1 -Wrestrict -Warith-conversion -Wdouble-promotion -Wenum-conversion -Wunused-const-variable -DHAVE_BUILTIN_AVAILABLE  -DHAVE_INTTYPES_H -DHAVE_SYS_IOCTL_H -DHAVE_SYS_PARAM_H -DHAVE_SYS_POLL_H -DHAVE_SYS_RESOURCE_H -DHAVE_SYS_SELECT_H -DHAVE_SYS_SOCKET_H -DHAVE_SYS_STAT_H -DHAVE_SYS_TIME_H -DHAVE_SYS_TYPES_H -DHAVE_SYS_UN_H -DHAVE_SYS_XATTR_H -DHAVE_ARPA_INET_H -DHAVE_ARPA_TFTP_H -DHAVE_FCNTL_H -DHAVE_IFADDRS_H -DHAVE_LIBGEN_H -DHAVE_LOCALE_H -DHAVE_NET_IF_H -DHAVE_NETDB_H -DHAVE_NETINET_IN_H -DHAVE_NETINET_TCP_H -DHAVE_POLL_H -DHAVE_PWD_H -DHAVE_SETJMP_H -DHAVE_SIGNAL_H -DHAVE_STDATOMIC_H -DHAVE_STDBOOL_H -DHAVE_STDINT_H -DHAVE_STDLIB_H -DHAVE_STRING_H -DHAVE_STRINGS_H -DHAVE_TERMIO_H -DHAVE_TERMIOS_H -DHAVE_TIME_H -DHAVE_UNISTD_H -DHAVE_UTIME_H -DHAVE_STDDEF_H -DHAVE_SYS_UTSNAME_H -o CMakeFiles/cmTC_11e1e.dir/CurlTests.c.o -c /home/ubuntu/ProjectMetier/third_party/curl-8.1.2/CMake/CurlTests.c
/home/ubuntu/ProjectMetier/third_party/curl-8.1.2/CMake/CurlTests.c:446:1: warning: function declaration isn’t a prototype [-Wstrict-prototypes]
  446 | main() {
      | ^~~~
/home/ubuntu/ProjectMetier/third_party/curl-8.1.2/CMake/CurlTests.c: In function ‘main’:
/home/ubuntu/ProjectMetier/third_party/curl-8.1.2/CMake/CurlTests.c:447:6: warning: implicit declaration of function ‘__builtin_available’; did you mean ‘__builtin_scalbl’? [-Wimplicit-function-declaration]
  447 |   if(__builtin_available(macOS 10.12, *)) {}
      |      ^~~~~~~~~~~~~~~~~~~
      |      __builtin_scalbl
/home/ubuntu/ProjectMetier/third_party/curl-8.1.2/CMake/CurlTests.c:447:6: warning: nested extern declaration of ‘__builtin_available’ [-Wnested-externs]
/home/ubuntu/ProjectMetier/third_party/curl-8.1.2/CMake/CurlTests.c:447:26: error: ‘macOS’ undeclared (first use in this function)
  447 |   if(__builtin_available(macOS 10.12, *)) {}
      |                          ^~~~~
/home/ubuntu/ProjectMetier/third_party/curl-8.1.2/CMake/CurlTests.c:447:26: note: each undeclared identifier is reported only once for each function it appears in
/home/ubuntu/ProjectMetier/third_party/curl-8.1.2/CMake/CurlTests.c:447:31: error: expected ‘)’ before numeric constant
  447 |   if(__builtin_available(macOS 10.12, *)) {}
      |                         ~     ^~~~~~
      |                               )
gmake[1]: *** [CMakeFiles/cmTC_11e1e.dir/build.make:78: CMakeFiles/cmTC_11e1e.dir/CurlTests.c.o] Error 1
gmake[1]: Leaving directory '/home/ubuntu/ProjectMetier/third_party/curl-8.1.2/CMakeFiles/CMakeTmp'
gmake: *** [Makefile:127: cmTC_11e1e/fast] Error 2


